diffuser/default_inv/predict_epsilon_200_1000000.0/dropout_0.25/hopper-medium-expert-v2/100
diffuser/default_inv/predict_epsilon_200_1000000.0/dropout_0.25/hopper-medium-expert-v2/100
diffuser/default_inv/predict_epsilon_200_1000000.0/dropout_0.25/hopper-medium-expert-v2/100
diffuser/default_inv/predict_epsilon_200_1000000.0/dropout_0.25/hopper-medium-expert-v2/100
diffuser/default_inv/predict_epsilon_200_1000000.0/dropout_0.25/hopper-medium-expert-v2/100
diffuser/default_inv/predict_epsilon_200_1000000.0/dropout_0.25/hopper-medium-expert-v2/100
diffuser/default_inv/predict_epsilon_200_1000000.0/dropout_0.25/hopper-medium-expert-v2/100
diffuser/default_inv/predict_epsilon_200_1000000.0/dropout_0.25/hopper-medium-expert-v2/100
diffuser/default_inv/predict_epsilon_200_1000000.0/dropout_0.25/hopper-medium-expert-v2/100
diffuser/default_inv/predict_epsilon_200_1000000.0/dropout_0.25/hopper-medium-expert-v2/100
diffuser/default_inv/predict_epsilon_200_1000000.0/dropout_0.25/hopper-medium-expert-v2/100
diffuser/default_inv/predict_epsilon_200_1000000.0/dropout_0.25/hopper-medium-expert-v2/100
diffuser/default_inv/predict_epsilon_200_1000000.0/dropout_0.25/hopper-medium-expert-v2/100
diffuser/default_inv/predict_epsilon_200_1000000.0/dropout_0.25/hopper-medium-expert-v2/100
diffuser/default_inv/predict_epsilon_200_1000000.0/dropout_0.25/hopper-medium-expert-v2/100
diffuser/default_inv/predict_epsilon_200_1000000.0/dropout_0.25/hopper-medium-expert-v2/100
diffuser/default_inv/predict_epsilon_200_1000000.0/dropout_0.25/hopper-medium-expert-v2/100
diffuser/default_inv/predict_epsilon_200_1000000.0/dropout_0.25/hopper-medium-expert-v2/100
diffuser/default_inv/predict_epsilon_200_1000000.0/dropout_0.25/hopper-medium-expert-v2/100
diffuser/default_inv/predict_epsilon_200_1000000.0/dropout_0.25/hopper-medium-expert-v2/100
diffuser/default_inv/predict_epsilon_200_1000000.0/dropout_0.25/hopper-medium-expert-v2/100
diffuser/mySweep/predict_epsilon_200_1000000.0/dropout_0.25/PandaPush-v3/100
diffuser/mySweep/predict_epsilon_200_1000000.0/dropout_0.25/PandaPush-v3/100
diffuser/mySweep/predict_epsilon_200_1000000.0/dropout_0.25/PandaPush-v3/100
diffuser/mySweep/predict_epsilon_200_1000000.0/dropout_0.25/PandaPush-v3/100
diffuser/mySweep/predict_epsilon_200_1000000.0/dropout_0.25/PandaPush-v3/100
diffuser/mySweep/predict_epsilon_200_1000000.0/dropout_0.25/PandaPush-v3/100
diffuser/mySweep/predict_epsilon_200_1000000.0/dropout_0.25/PandaPush-v3/100
diffuser/mySweep/predict_epsilon_200_1000000.0/dropout_0.25/PandaPush-v3/100
diffuser/mySweep/predict_epsilon_200_1000000.0/dropout_0.25/PandaPush-v3/100
diffuser/mySweep/predict_epsilon_200_1000000.0/dropout_0.25/PandaPush-v3/100
diffuser/mySweep/predict_epsilon_200_1000000.0/dropout_0.25/PandaPush-v3/100
diffuser/mySweep/predict_epsilon_200_1000000.0/dropout_0.25/PandaPush-v3/100
diffuser/mySweep/predict_epsilon_200_1000000.0/dropout_0.25/PandaPush-v3/100
diffuser/mySweep/predict_epsilon_200_1000000.0/dropout_0.25/PandaPush-v3/100
diffuser/mySweep/predict_epsilon_200_1000000.0/dropout_0.25/PandaPush-v3/100
diffuser/mySweep/predict_epsilon_200_1000000.0/dropout_0.25/PandaPush-v3/100
diffuser/mySweep/predict_epsilon_200_1000000.0/dropout_0.25/PandaPush-v3/100
diffuser/mySweep/predict_epsilon_200_1000000.0/dropout_0.25/PandaPush-v3/100
diffuser/mySweep/predict_epsilon_200_1000000.0/dropout_0.25/PandaPush-v3/100
diffuser/mySweep/predict_epsilon_200_1000000.0/dropout_0.25/PandaPush-v3/100
diffuser/mySweep/predict_epsilon_200_1000000.0/dropout_0.25/PandaPush-v3/100
diffuser/mySweep/predict_epsilon_200_1000000.0/dropout_0.25/PandaPush-v3/100
diffuser/mySweep/predict_epsilon_200_1000000.0/dropout_0.25/PandaPush-v3/100
diffuser/mySweep/predict_epsilon_200_1000000.0/dropout_0.25/PandaPush-v3/100
diffuser/mySweep/predict_epsilon_200_1000000.0/dropout_0.25/PandaPush-v3/100
diffuser/mySweep/predict_epsilon_200_1000000.0/dropout_0.25/PandaPush-v3/100
diffuser/mySweep/predict_epsilon_200_1000000.0/dropout_0.25/PandaPush-v3/100
diffuser/mySweep/predict_epsilon_200_1000000.0/dropout_0.25/PandaPush-v3/100
diffuser/mySweep/predict_epsilon_200_1000000.0/dropout_0.25/PandaPush-v3/100
diffuser/mySweep/predict_epsilon_200_1000000.0/dropout_0.25/PandaPush-v3/100
diffuser/mySweep/predict_epsilon_200_1000000.0/dropout_0.25/PandaPush-v3/100
diffuser/mySweep/predict_epsilon_200_1000000.0/dropout_0.25/PandaPush-v3/100
diffuser/mySweep/predict_epsilon_200_1000000.0/dropout_0.25/PandaPush-v3/100
diffuser/mySweep/predict_epsilon_200_1000000.0/dropout_0.25/PandaPush-v3/100
diffuser/mySweep/predict_epsilon_200_1000000.0/dropout_0.25/PandaPush-v3/100
diffuser/mySweep/predict_epsilon_200_1000000.0/dropout_0.25/PandaPush-v3/100
diffuser/mySweep/predict_epsilon_200_1000000.0/dropout_0.25/PandaPush-v3/100
diffuser/mySweep/predict_epsilon_200_1000000.0/dropout_0.25/PandaPush-v3/100
diffuser/mySweep/predict_epsilon_200_1000000.0/dropout_0.25/PandaPush-v3/100
diffuser/mySweep/predict_epsilon_200_1000000.0/dropout_0.25/PandaPush-v3/100
diffuser/mySweep/predict_epsilon_200_1000000.0/dropout_0.25/PandaPush-v3/100
diffuser/mySweep/predict_epsilon_200_1000000.0/dropout_0.25/PandaPush-v3/100
diffuser/mySweep/predict_epsilon_200_1000000.0/dropout_0.25/PandaPush-v3/100
diffuser/mySweep/predict_epsilon_200_1000000.0/dropout_0.25/PandaPush-v3/100
diffuser/mySweep/predict_epsilon_200_1000000.0/dropout_0.25/PandaPush-v3/100
diffuser/mySweep/predict_epsilon_200_1000000.0/dropout_0.25/PandaPush-v3/100
diffuser/mySweep/predict_epsilon_200_1000000.0/dropout_0.25/PandaPush-v3/100
diffuser/mySweep/predict_epsilon_200_1000000.0/dropout_0.25/PandaPush-v3/100
diffuser/mySweep/predict_epsilon_200_1000000.0/dropout_0.25/PandaPush-v3/100
diffuser/mySweep/predict_epsilon_200_1000000.0/dropout_0.25/PandaPush-v3/100
diffuser/mySweep/predict_epsilon_200_1000000.0/dropout_0.25/PandaPush-v3/100
diffuser/mySweep/predict_epsilon_200_1000000.0/dropout_0.25/PandaPush-v3/100
diffuser/mySweep/predict_epsilon_200_1000000.0/dropout_0.25/PandaPush-v3/100
diffuser/mySweep/predict_epsilon_200_1000000.0/dropout_0.25/PandaPush-v3/100
diffuser/mySweep/predict_epsilon_200_1000000.0/dropout_0.25/PandaPush-v3/100
diffuser/mySweep/predict_epsilon_200_1000000.0/dropout_0.25/PandaPush-v3/100
diffuser/mySweep/predict_epsilon_200_1000000.0/dropout_0.25/PandaPush-v3/100
diffuser/mySweep/predict_epsilon_200_1000000.0/dropout_0.25/PandaPush-v3/100
diffuser/mySweep/predict_epsilon_200_1000000.0/dropout_0.25/PandaPush-v3/100
diffuser/mySweep/predict_epsilon_200_1000000.0/dropout_0.25/PandaPush-v3/100
diffuser/mySweep/predict_epsilon_200_1000000.0/dropout_0.25/PandaPush-v3/100
diffuser/mySweep/predict_epsilon_200_1000000.0/dropout_0.25/PandaPush-v3/100
diffuser/mySweep/predict_epsilon_200_1000000.0/dropout_0.25/PandaPush-v3/100
diffuser/mySweep/predict_epsilon_200_1000000.0/dropout_0.25/PandaPush-v3/100
diffuser/mySweep/predict_epsilon_200_1000000.0/dropout_0.25/PandaPush-v3/100
diffuser/mySweep/predict_epsilon_200_1000000.0/dropout_0.25/PandaPush-v3/100
diffuser/mySweep/predict_epsilon_200_1000000.0/dropout_0.25/PandaPush-v3/100
diffuser/mySweep/predict_epsilon_200_1000000.0/dropout_0.25/PandaPush-v3/100
diffuser/mySweep/predict_epsilon_200_1000000.0/dropout_0.25/PandaPush-v3/100
diffuser/mySweep/predict_epsilon_200_1000000.0/dropout_0.25/PandaPush-v3/100
diffuser/mySweep/predict_epsilon_200_1000000.0/dropout_0.25/PandaPush-v3/100
diffuser/mySweep/predict_epsilon_200_1000000.0/dropout_0.25/PandaPush-v3/100
diffuser/mySweep/predict_epsilon_200_1000000.0/dropout_0.25/PandaPush-v3/100
diffuser/mySweep/predict_epsilon_200_1000000.0/dropout_0.25/PandaPush-v3/100
diffuser/mySweep/predict_epsilon_200_1000000.0/dropout_0.25/PandaPush-v3/100
diffuser/mySweep/predict_epsilon_200_1000000.0/dropout_0.25/PandaPush-v3/100
diffuser/mySweep/predict_epsilon_200_1000000.0/dropout_0.25/PandaPush-v3/100
diffuser/mySweep/predict_epsilon_200_1000000.0/dropout_0.25/PandaPush-v3/100
diffuser/mySweep/predict_epsilon_200_1000000.0/dropout_0.25/PandaPush-v3/100
diffuser/mySweep/predict_epsilon_200_1000000.0/dropout_0.25/PandaPush-v3/100
diffuser/mySweep/predict_epsilon_200_1000000.0/dropout_0.25/PandaPush-v3/100
diffuser/mySweep/predict_epsilon_200_1000000.0/dropout_0.25/PandaPush-v3/100
diffuser/mySweep/predict_epsilon_200_1000000.0/dropout_0.25/PandaPush-v3/100
diffuser/mySweep/predict_epsilon_200_1000000.0/dropout_0.25/PandaPush-v3/100
diffuser/mySweep/predict_epsilon_200_1000000.0/dropout_0.25/PandaPush-v3/100
diffuser/mySweep/predict_epsilon_200_1000000.0/dropout_0.25/PandaPush-v3/100
diffuser/mySweep/predict_epsilon_200_1000000.0/dropout_0.25/PandaPush-v3/100
diffuser/mySweep/predict_epsilon_200_1000000.0/dropout_0.25/PandaPush-v3/100
diffuser/mySweep/predict_epsilon_200_1000000.0/dropout_0.25/PandaPush-v3/100
diffuser/mySweep/predict_epsilon_200_1000000.0/dropout_0.25/PandaPush-v3/100
diffuser/mySweep/predict_epsilon_200_1000000.0/dropout_0.25/PandaPush-v3/100
diffuser/mySweep/predict_epsilon_200_1000000.0/dropout_0.25/PandaPush-v3/100
diffuser/mySweep/predict_epsilon_200_1000000.0/dropout_0.25/PandaPush-v3/100
diffuser/mySweep/predict_epsilon_200_1000000.0/dropout_0.25/PandaPush-v3/100
diffuser/mySweep/predict_epsilon_200_1000000.0/dropout_0.25/PandaPush-v3/100
diffuser/mySweep/predict_epsilon_200_1000000.0/dropout_0.25/PandaPush-v3/100
diffuser/mySweep/predict_epsilon_200_1000000.0/dropout_0.25/PandaPush-v3/100
diffuser/mySweep/predict_epsilon_200_1000000.0/dropout_0.25/PandaPush-v3/100
diffuser/mySweep/predict_epsilon_200_1000000.0/dropout_0.25/PandaPush-v3/100
diffuser/mySweep/predict_epsilon_200_1000000.0/dropout_0.25/PandaPush-v3/100
diffuser/mySweep/predict_epsilon_200_1000000.0/dropout_0.25/PandaPush-v3/100
diffuser/mySweep/predict_epsilon_200_1000000.0/dropout_0.25/PandaPush-v3/100
diffuser/mySweep/predict_epsilon_200_1000000.0/dropout_0.25/PandaPush-v3/100
diffuser/mySweep/predict_epsilon_200_1000000.0/dropout_0.25/PandaPush-v3/100
diffuser/mySweep/predict_epsilon_200_1000000.0/dropout_0.25/PandaPush-v3/100
diffuser/mySweep/predict_epsilon_200_1000000.0/dropout_0.25/PandaPush-v3/100
diffuser/mySweep/predict_epsilon_200_1000000.0/dropout_0.25/PandaPush-v3/100
diffuser/mySweep/predict_epsilon_200_1000000.0/dropout_0.25/PandaPush-v3/100
diffuser/mySweep/predict_epsilon_200_1000000.0/dropout_0.25/PandaPush-v3/100
diffuser/mySweep/predict_epsilon_200_1000000.0/dropout_0.25/PandaPush-v3/100
diffuser/mySweep/predict_epsilon_200_1000000.0/dropout_0.25/PandaPush-v3/100
diffuser/mySweep/predict_epsilon_200_1000000.0/dropout_0.25/PandaPush-v3/100
diffuser/mySweep/predict_epsilon_200_1000000.0/dropout_0.25/PandaPush-v3/100
diffuser/push_notnormed/predict_epsilon_200_1000000.0/dropout_0.25/PandaPush-v3/100
diffuser/push_notnormed/predict_epsilon_200_1000000.0/dropout_0.25/PandaPush-v3/100
diffuser/push_notnormed/predict_epsilon_200_1000000.0/dropout_0.25/PandaPush-v3/100
diffuser/push_notnormed/predict_epsilon_200_1000000.0/dropout_0.25/PandaPush-v3/100
diffuser/push_notnormed/predict_epsilon_200_1000000.0/dropout_0.25/PandaPush-v3/100
diffuser/push_notnormed/predict_epsilon_200_1000000.0/dropout_0.25/PandaPush-v3/100
diffuser/push_notnormed/predict_epsilon_200_1000000.0/dropout_0.25/PandaPush-v3/100
diffuser/push_notnormed/predict_epsilon_200_1000000.0/dropout_0.25/PandaPush-v3/100
diffuser/push_notnormed/predict_epsilon_200_1000000.0/dropout_0.25/PandaPush-v3/100
diffuser/push_notnormed/predict_epsilon_200_1000000.0/dropout_0.25/PandaPush-v3/100
diffuser/push_notnormed/predict_epsilon_200_1000000.0/dropout_0.25/PandaPush-v3/100
diffuser/push_notnormed_512/predict_epsilon_200_1000000.0/dropout_0.25/PandaPush-v3/100
diffuser/push_notnormed_512/predict_epsilon_200_1000000.0/dropout_0.25/PandaPush-v3/100
diffuser/push_notnormed_512/predict_epsilon_200_1000000.0/dropout_0.25/PandaPush-v3/100
diffuser/push_notnormed_512_multiseeds/predict_epsilon_200_1000000.0/dropout_0.25/PandaPush-v3/100
diffuser/push_notnormed_512_multiseeds/predict_epsilon_200_1000000.0/dropout_0.25/PandaPush-v3/100
diffuser/push_notnormed_512_multiseeds/predict_epsilon_200_1000000.0/dropout_0.25/PandaPush-v3/100
diffuser/push_notnormed_512_multiseeds/predict_epsilon_200_1000000.0/dropout_0.25/PandaPush-v3/100
diffuser/push_notnormed_512_multiseeds/predict_epsilon_200_1000000.0/dropout_0.25/PandaPush-v3/100
diffuser/push_notnormed_512_multiseeds/predict_epsilon_200_1000000.0/dropout_0.25/PandaPush-v3/100
diffuser/push_notnormed_512_multiseeds/predict_epsilon_200_1000000.0/dropout_0.25/PandaPush-v3/100
diffuser/push_notnormed_512_multiseeds/predict_epsilon_200_1000000.0/dropout_0.25/PandaPush-v3/100
diffuser/push_notnormed_512_multiseeds/predict_epsilon_200_1000000.0/dropout_0.25/PandaPush-v3/100
diffuser/push_notnormed_512_multiseeds/predict_epsilon_200_1000000.0/dropout_0.25/PandaPush-v3/100
diffuser/push_notnormed_512_multiseeds/predict_epsilon_200_1000000.0/dropout_0.25/PandaPush-v3/100
diffuser/test/predict_epsilon_200_1000000.0/dropout_0.25/PandaPush-v3/100
diffuser/test/predict_epsilon_200_1000000.0/dropout_0.25/PandaPush-v3/100
diffuser/test/predict_epsilon_200_1000000.0/dropout_0.25/PandaPush-v3/100
diffuser/test/predict_epsilon_200_1000000.0/dropout_0.25/PandaPush-v3/100
diffuser/test/predict_epsilon_200_1000000.0/dropout_0.25/PandaPush-v3/100
diffuser/test/predict_epsilon_200_1000000.0/dropout_0.25/PandaPush-v3/100
diffuser/test/predict_epsilon_200_1000000.0/dropout_0.25/PandaPush-v3/100
diffuser/test/predict_epsilon_200_1000000.0/dropout_0.25/PandaPush-v3/100
diffuser/test/predict_epsilon_200_1000000.0/dropout_0.25/PandaPush-v3/100
diffuser/test/predict_epsilon_200_1000000.0/dropout_0.25/PandaPush-v3/100
diffuser/test/predict_epsilon_200_1000000.0/dropout_0.25/PandaPush-v3/100
diffuser/push_notnormed_512_multiseeds2/predict_epsilon_200_1000000.0/dropout_0.25/PandaPush-v3/100
diffuser/push_notnormed_512_multiseeds2/predict_epsilon_200_1000000.0/dropout_0.25/PandaPush-v3/100
diffuser/push_notnormed_512_multiseeds2/predict_epsilon_200_1000000.0/dropout_0.25/PandaPush-v3/100
diffuser/push_notnormed_512_multiseeds2/predict_epsilon_200_1000000.0/dropout_0.25/PandaPush-v3/100
diffuser/push_notnormed_512_multiseeds/predict_epsilon_200_1000000.0/dropout_0.25/PandaPush-v3/100
diffuser/push_notnormed_512_multiseeds/predict_epsilon_200_1000000.0/dropout_0.25/PandaPush-v3/100
diffuser/push_notnormed_512_multiseeds/predict_epsilon_200_1000000.0/dropout_0.25/PandaPush-v3/100
diffuser/push_notnormed_512_multiseeds/predict_epsilon_200_1000000.0/dropout_0.25/PandaPush-v3/100
diffuser/push_notnormed_512_multiseeds/predict_epsilon_200_1000000.0/dropout_0.25/PandaPush-v3/100
diffuser/push_notnormed_512_multiseeds/predict_epsilon_200_1000000.0/dropout_0.25/PandaPush-v3/100
diffuser/push_notnormed_512_multiseeds/predict_epsilon_200_1000000.0/dropout_0.25/PandaPush-v3/100
diffuser/push_notnormed_512_multiseeds/predict_epsilon_200_1000000.0/dropout_0.25/PandaPush-v3/100
diffuser/push_notnormed_512_multiseeds/predict_epsilon_200_1000000.0/dropout_0.25/PandaPush-v3/100
diffuser/push_notnormed_512_multiseeds/predict_epsilon_200_1000000.0/dropout_0.25/PandaPush-v3/100
diffuser/push_notnormed_512_multiseeds/predict_epsilon_200_1000000.0/dropout_0.25/PandaPush-v3/100
diffuser/push_notnormed_512_multiseeds/predict_epsilon_200_1000000.0/dropout_0.25/PandaPush-v3/100
diffuser/push_notnormed_512_multiseeds/predict_epsilon_200_1000000.0/dropout_0.25/PandaPush-v3/100
diffuser/push_notnormed_512_multiseeds/predict_epsilon_200_1000000.0/dropout_0.25/PandaPush-v3/100
diffuser/push_notnormed_512_multiseeds/predict_epsilon_200_1000000.0/dropout_0.25/PandaPush-v3/100
diffuser/push_notnormed_512_multiseeds/predict_epsilon_200_1000000.0/dropout_0.25/PandaPush-v3/100
diffuser/push_multi_H12/predict_epsilon_200_2000000.0/dropout_0.25/PandaPush-v3/100
diffuser/push_multi_H12/predict_epsilon_200_2000000.0/dropout_0.25/PandaPush-v3/100
diffuser/push_multi_hidden512_H12/predict_epsilon_200_2000000.0/dropout_0.25/PandaPush-v3/100
diffuser/push_multi_hidden512_H40/predict_epsilon_200_2000000.0/dropout_0.25/PandaPush-v3/100
diffuser/push_multi_H12/predict_epsilon_200_2000000.0/dropout_0.25/PandaPush-v3/100
diffuser/push_multi_H12/predict_epsilon_200_2000000.0/dropout_0.25/PandaPush-v3/100
diffuser/push_multi_hidden256_H12/predict_epsilon_200_2000000.0/dropout_0.25/PandaPush-v3/100
diffuser/push_multi_hidden256_H40/predict_epsilon_200_2000000.0/dropout_0.25/PandaPush-v3/100
diffuser/push_multi_hidden256_H12/predict_epsilon_200_2000000.0/dropout_0.25/PandaPush-v3/100
diffuser/push_multi_hidden256_H12/predict_epsilon_200_2000000.0/dropout_0.25/PandaPush-v3/100
diffuser/push_multi_hidden256_H40/predict_epsilon_200_2000000.0/dropout_0.25/PandaPush-v3/100
diffuser/push_multi_hidden256_H12/predict_epsilon_200_2000000.0/dropout_0.25/PandaPush-v3/100
diffuser/push_multi_hidden512_H12/predict_epsilon_200_2000000.0/dropout_0.25/PandaPush-v3/100
diffuser/push_multi_hidden512_H40/predict_epsilon_200_2000000.0/dropout_0.25/PandaPush-v3/100
diffuser/push_multi_hidden512_H40/predict_epsilon_200_2000000.0/dropout_0.25/PandaPush-v3/100
diffuser/push_multi_hidden256_H12/predict_epsilon_200_2000000.0/dropout_0.25/PandaPush-v3/100
diffuser/push_multi_hidden256_H12/predict_epsilon_200_2000000.0/dropout_0.25/PandaPush-v3/100
diffuser/push_multi_hidden256_H40/predict_epsilon_200_2000000.0/dropout_0.25/PandaPush-v3/100
diffuser/push_multi_hidden512_H12/predict_epsilon_200_2000000.0/dropout_0.25/PandaPush-v3/100
diffuser/push_multi_hidden512_H40/predict_epsilon_200_2000000.0/dropout_0.25/PandaPush-v3/100
diffuser/push_multi_hidden512_H40/predict_epsilon_200_2000000.0/dropout_0.25/PandaPush-v3/100
diffuser/push_multi_hidden512_H40/predict_epsilon_200_2000000.0/dropout_0.25/PandaPush-v3/100
diffuser/push_multi_hidden512_H40/predict_epsilon_200_2000000.0/dropout_0.25/PandaPush-v3/100
diffuser/push_multi_hidden512_H40/predict_epsilon_200_2000000.0/dropout_0.25/PandaPush-v3/100
diffuser/push_multi_hidden512_H40/predict_epsilon_200_2000000.0/dropout_0.25/PandaPush-v3/100
diffuser/push_multi_hidden256_H12_500k/predict_epsilon_200_2000000.0/dropout_0.25/PandaPush-v3/100
diffuser/push_multi_hidden256_H12_500k/predict_epsilon_200_2000000.0/dropout_0.25/PandaPush-v3/100
diffuser/push_multi_hidden256_H12_500k/predict_epsilon_200_2000000.0/dropout_0.25/PandaPush-v3/100
diffuser/FD20/predict_epsilon_200_2000000.0/dropout_0.25/FindDot-v1/100
diffuser/FD20/predict_epsilon_200_2000000.0/dropout_0.25/FindDot-v1/100
diffuser/FD20/predict_epsilon_200_2000000.0/dropout_0.25/FindDot-v1/100
diffuser/FD20/predict_epsilon_200_2000000.0/dropout_0.25/FindDot-v1/100
diffuser/FD20/predict_epsilon_200_2000000.0/dropout_0.25/FindDot-v1/100
diffuser/FD20/predict_epsilon_200_2000000.0/dropout_0.25/FindDot-v1/100
diffuser/FD20/predict_epsilon_200_2000000.0/dropout_0.25/FindDot-v1/100
diffuser/FD20/predict_epsilon_200_2000000.0/dropout_0.25/FindDot-v1/100
diffuser/FD20/predict_epsilon_200_2000000.0/dropout_0.25/FindDot-v1/100
diffuser/FD20/predict_epsilon_200_2000000.0/dropout_0.25/FindDot-v1/100
diffuser/FD20/predict_epsilon_200_2000000.0/dropout_0.25/FindDot-v1/100
diffuser/FD20/predict_epsilon_200_2000000.0/dropout_0.25/FindDot-v1/100
diffuser/FD20/predict_epsilon_200_2000000.0/dropout_0.25/FindDot-v1/100
diffuser/FD20/predict_epsilon_200_2000000.0/dropout_0.25/FindDot-v1/100
diffuser/FD20/predict_epsilon_200_2000000.0/dropout_0.25/FindDot-v1/100
diffuser/FD20/predict_epsilon_200_2000000.0/dropout_0.25/FindDot-v1/100
diffuser/FD20/predict_epsilon_200_2000000.0/dropout_0.25/FindDot-v1/100
diffuser/FD20/predict_epsilon_200_2000000.0/dropout_0.25/FindDot-v1/100
diffuser/FD20/predict_epsilon_200_2000000.0/dropout_0.25/FindDot-v1/100
diffuser/FD20/predict_epsilon_200_2000000.0/dropout_0.25/FindDot-v1/100
diffuser/FD20/predict_epsilon_200_2000000.0/dropout_0.25/FindDot-v1/100
diffuser/FD20/predict_epsilon_200_2000000.0/dropout_0.25/FindDot-v1/100
diffuser/FD20/predict_epsilon_200_2000000.0/dropout_0.25/FindDot-v1/100
diffuser/FD20/predict_epsilon_200_2000000.0/dropout_0.25/FindDot-v1/100
diffuser/FD20/predict_epsilon_200_2000000.0/dropout_0.25/FindDot-v1/100
diffuser/FD20/predict_epsilon_200_2000000.0/dropout_0.25/FindDot-v1/100
diffuser/FD20_10000/predict_epsilon_200_2000000.0/dropout_0.25/FindDot-v0/100
diffuser/FD20/predict_epsilon_200_2000000.0/dropout_0.25/FindDot-v1/100
diffuser/FD20/predict_epsilon_200_2000000.0/dropout_0.25/FindDot-v1/100
diffuser/FD20_10000/predict_epsilon_200_2000000.0/dropout_0.25/FindDot-v0/100
diffuser/FD20_10000/predict_epsilon_200_2000000.0/dropout_0.25/FindDot-v0/100
diffuser/FD20_10000/predict_epsilon_200_2000000.0/dropout_0.25/FindDot-v0/100
diffuser/FD20_10000/predict_epsilon_200_2000000.0/dropout_0.25/FindDot-v0/100
diffuser/FD20_10000/predict_epsilon_200_2000000.0/dropout_0.25/FindDot-v0/100
diffuser/FD20_10000/predict_epsilon_200_2000000.0/dropout_0.25/FindDot-v0/100
diffuser/FD20/predict_epsilon_200_2000000.0/dropout_0.25/FindDot-v1/100
diffuser/FD20/predict_epsilon_200_2000000.0/dropout_0.25/FindDot-v1/100
diffuser/FD20/predict_epsilon_200_2000000.0/dropout_0.25/FindDot-v1/100
diffuser/FD20/predict_epsilon_200_2000000.0/dropout_0.25/FindDot-v1/100
diffuser/FD20/predict_epsilon_200_2000000.0/dropout_0.25/FindDot-v1/100
diffuser/FD20/predict_epsilon_200_2000000.0/dropout_0.25/FindDot-v1/100
diffuser/FD20_10000/predict_epsilon_200_2000000.0/dropout_0.25/FindDot-v0/100
diffuser/FD20_10000/predict_epsilon_200_2000000.0/dropout_0.25/FindDot-v0/100
diffuser/FD20/predict_epsilon_200_2000000.0/dropout_0.25/FindDot-v1/100
diffuser/FD20_10000/predict_epsilon_200_2000000.0/dropout_0.25/FindDot-v0/100
diffuser/FD20_10000/predict_epsilon_200_2000000.0/dropout_0.25/FindDot-v0/100
diffuser/FD20_10000/predict_epsilon_200_2000000.0/dropout_0.25/FindDot-v0/100
diffuser/FD20_10000/predict_epsilon_200_2000000.0/dropout_0.25/FindDot-v0/100
diffuser/FD20_10000/predict_epsilon_200_2000000.0/dropout_0.25/FindDot-v0/100
diffuser/FD20_10000/predict_epsilon_200_2000000.0/dropout_0.25/FindDot-v0/100
diffuser/FD20_10000/predict_epsilon_200_2000000.0/dropout_0.25/FindDot-v0/100
diffuser/FD20_10000/predict_epsilon_200_2000000.0/dropout_0.25/FindDot-v0/100
diffuser/FD20_10000/predict_epsilon_200_2000000.0/dropout_0.25/FindDot-v0/100
diffuser/FD20_10000/predict_epsilon_200_2000000.0/dropout_0.25/FindDot-v0/100
diffuser/FD20_10000/predict_epsilon_200_2000000.0/dropout_0.25/FindDot-v0/100
diffuser/FD20_10000/predict_epsilon_200_2000000.0/dropout_0.25/FindDot-v0/100
diffuser/FD20_10000/predict_epsilon_200_2000000.0/dropout_0.25/FindDot-v0/100
diffuser/FD20_10000/predict_epsilon_200_2000000.0/dropout_0.25/FindDot-v0/100
diffuser/FD20_10000/predict_epsilon_200_2000000.0/dropout_0.25/FindDot-v0/100
diffuser/FD20_10000/predict_epsilon_200_2000000.0/dropout_0.25/FindDot-v0/100
diffuser/FD20_10000/predict_epsilon_200_2000000.0/dropout_0.25/FindDot-v0/100
diffuser/FD20_10000/predict_epsilon_200_2000000.0/dropout_0.25/FindDot-v0/100
diffuser/FD20_10000/predict_epsilon_200_2000000.0/dropout_0.25/FindDot-v0/100
diffuser/FD20_10000/predict_epsilon_200_2000000.0/dropout_0.25/FindDot-v0/100
diffuser/FD20_10000/predict_epsilon_200_2000000.0/dropout_0.25/FindDot-v0/100
diffuser/FD20_10000/predict_epsilon_200_2000000.0/dropout_0.25/FindDot-v0/100
diffuser/FD20_10000/predict_epsilon_200_2000000.0/dropout_0.25/FindDot-v0/100
diffuser/FD20_10000/predict_epsilon_200_2000000.0/dropout_0.25/FindDot-v0/100
diffuser/FD20_10000/predict_epsilon_200_2000000.0/dropout_0.25/FindDot-v0/100
diffuser/FD20_10000/predict_epsilon_200_2000000.0/dropout_0.25/FindDot-v0/100
diffuser/FD20_10000/predict_epsilon_200_2000000.0/dropout_0.25/FindDot-v0/100
diffuser/FD20_10000/predict_epsilon_200_2000000.0/dropout_0.25/FindDot-v0/100
diffuser/FD20_10000/predict_epsilon_200_2000000.0/dropout_0.25/FindDot-v0/100
diffuser/FD20_10000/predict_epsilon_200_2000000.0/dropout_0.25/FindDot-v0/100
diffuser/FD20_10000/predict_epsilon_200_2000000.0/dropout_0.25/FindDot-v0/100
diffuser/FD20_10000/predict_epsilon_200_2000000.0/dropout_0.25/FindDot-v0/100
diffuser/FD20_10000/predict_epsilon_200_2000000.0/dropout_0.25/FindDot-v0/100
diffuser/FD20_10000/predict_epsilon_200_2000000.0/dropout_0.25/FindDot-v0/100
diffuser/FD20_10000/predict_epsilon_200_2000000.0/dropout_0.25/FindDot-v0/100
diffuser/FD20_10000/predict_epsilon_200_2000000.0/dropout_0.25/FindDot-v0/100
diffuser/FD20_10000/predict_epsilon_200_2000000.0/dropout_0.25/FindDot-v0/100
diffuser/FD20_10000/predict_epsilon_200_2000000.0/dropout_0.25/FindDot-v0/100
diffuser/FD20_10000/predict_epsilon_200_2000000.0/dropout_0.25/FindDot-v0/100
diffuser/FD20_10000/predict_epsilon_200_2000000.0/dropout_0.25/FindDot-v0/100
diffuser/FD20_10000/predict_epsilon_200_2000000.0/dropout_0.25/FindDot-v0/100
diffuser/FD20_10000/predict_epsilon_200_2000000.0/dropout_0.25/FindDot-v0/100
diffuser/FD20_10000/predict_epsilon_200_2000000.0/dropout_0.25/FindDot-v0/100
diffuser/FD20_10000/predict_epsilon_200_2000000.0/dropout_0.25/FindDot-v0/100
diffuser/FD20_10000/predict_epsilon_200_2000000.0/dropout_0.25/FindDot-v0/100
diffuser/FD20_10000/predict_epsilon_200_2000000.0/dropout_0.25/FindDot-v0/100
diffuser/FD20_10000/predict_epsilon_200_2000000.0/dropout_0.25/FindDot-v0/100
diffuser/FD20_10000/predict_epsilon_200_2000000.0/dropout_0.25/FindDot-v0/100
diffuser/FD20_10000/predict_epsilon_200_2000000.0/dropout_0.25/FindDot-v0/100
diffuser/FD20_10000/predict_epsilon_200_2000000.0/dropout_0.25/FindDot-v0/100
diffuser/FD20_10000/predict_epsilon_200_2000000.0/dropout_0.25/FindDot-v0/100
diffuser/FD20_10000/predict_epsilon_200_2000000.0/dropout_0.25/FindDot-v0/100
diffuser/FD20_10000/predict_epsilon_200_2000000.0/dropout_0.25/FindDot-v0/100
diffuser/FD20_10000/predict_epsilon_200_2000000.0/dropout_0.25/FindDot-v0/100
diffuser/FD20_10000/predict_epsilon_200_2000000.0/dropout_0.25/FindDot-v0/100
diffuser/FD20_10000/predict_epsilon_200_2000000.0/dropout_0.25/FindDot-v0/100
diffuser/FD20_10000/predict_epsilon_200_2000000.0/dropout_0.25/FindDot-v0/100
diffuser/FD20_10000/predict_epsilon_200_2000000.0/dropout_0.25/FindDot-v0/100
diffuser/FD20_10000/predict_epsilon_200_2000000.0/dropout_0.25/FindDot-v0/100
diffuser/FD20_10000/predict_epsilon_200_2000000.0/dropout_0.25/FindDot-v0/100
diffuser/FD20_10000/predict_epsilon_200_2000000.0/dropout_0.25/FindDot-v0/100
diffuser/FD20_10000/predict_epsilon_200_2000000.0/dropout_0.25/FindDot-v0/100
diffuser/FD20_10000/predict_epsilon_200_2000000.0/dropout_0.25/FindDot-v0/100
diffuser/FD20_10000/predict_epsilon_200_2000000.0/dropout_0.25/FindDot-v0/100
diffuser/FD20_10000/predict_epsilon_200_2000000.0/dropout_0.25/FindDot-v0/100
diffuser/FD20_10000/predict_epsilon_200_2000000.0/dropout_0.25/FindDot-v0/100
diffuser/FD20_10000/predict_epsilon_200_2000000.0/dropout_0.25/FindDot-v0/100
diffuser/FD20_10000/predict_epsilon_200_2000000.0/dropout_0.25/FindDot-v0/100
diffuser/FD20_10000/predict_epsilon_200_2000000.0/dropout_0.25/FindDot-v0/100
diffuser/FD20_10000/predict_epsilon_200_2000000.0/dropout_0.25/FindDot-v0/100
diffuser/FD20_10000/predict_epsilon_200_2000000.0/dropout_0.25/FindDot-v0/100
diffuser/FD20_10000/predict_epsilon_200_2000000.0/dropout_0.25/FindDot-v0/100
diffuser/FD20_10000/predict_epsilon_200_2000000.0/dropout_0.25/FindDot-v0/100
diffuser/FD20_10000/predict_epsilon_200_2000000.0/dropout_0.25/FindDot-v0/100
diffuser/FD20_10000/predict_epsilon_200_2000000.0/dropout_0.25/FindDot-v0/100
diffuser/FD20_10000/predict_epsilon_200_2000000.0/dropout_0.25/FindDot-v0/100
diffuser/FD20_10000/predict_epsilon_200_2000000.0/dropout_0.25/FindDot-v0/100
diffuser/FD20_10000/predict_epsilon_200_2000000.0/dropout_0.25/FindDot-v0/100
diffuser/FD20_10000/predict_epsilon_200_2000000.0/dropout_0.25/FindDot-v0/100
diffuser/FD20_10000/predict_epsilon_200_2000000.0/dropout_0.25/FindDot-v0/100
diffuser/FD20_10000/predict_epsilon_200_2000000.0/dropout_0.25/FindDot-v0/100
diffuser/FD20_10000/predict_epsilon_200_2000000.0/dropout_0.25/FindDot-v0/100
diffuser/FD20_10000/predict_epsilon_200_2000000.0/dropout_0.25/FindDot-v0/100
diffuser/FD20_10000/predict_epsilon_200_2000000.0/dropout_0.25/FindDot-v0/100
diffuser/FD20_10000/predict_epsilon_200_2000000.0/dropout_0.25/FindDot-v0/100
diffuser/FD20_10000/predict_epsilon_200_2000000.0/dropout_0.25/FindDot-v0/100
diffuser/FD20_10000/predict_epsilon_200_2000000.0/dropout_0.25/FindDot-v0/100
diffuser/FD20_10000/predict_epsilon_200_2000000.0/dropout_0.25/FindDot-v0/100
diffuser/FD20_10000/predict_epsilon_200_2000000.0/dropout_0.25/FindDot-v0/100
diffuser/FD20_10000/predict_epsilon_200_2000000.0/dropout_0.25/FindDot-v0/100
diffuser/FD20_10000/predict_epsilon_200_2000000.0/dropout_0.25/FindDot-v0/100
diffuser/FD20_10000/predict_epsilon_200_2000000.0/dropout_0.25/FindDot-v0/100
diffuser/FD20_10000/predict_epsilon_200_2000000.0/dropout_0.25/FindDot-v0/100
diffuser/FD20_10000/predict_epsilon_200_2000000.0/dropout_0.25/FindDot-v0/100
diffuser/FD20_10000/predict_epsilon_200_2000000.0/dropout_0.25/FindDot-v0/100
diffuser/FD20_10000/predict_epsilon_200_2000000.0/dropout_0.25/FindDot-v0/100
diffuser/FD20_10000/predict_epsilon_200_2000000.0/dropout_0.25/FindDot-v0/100
diffuser/FD20_10000/predict_epsilon_200_2000000.0/dropout_0.25/FindDot-v0/100
diffuser/FD20_10000/predict_epsilon_200_2000000.0/dropout_0.25/FindDot-v0/100
diffuser/FD20_10000/predict_epsilon_200_2000000.0/dropout_0.25/FindDot-v0/100
diffuser/FD20_10000/predict_epsilon_200_2000000.0/dropout_0.25/FindDot-v0/100
diffuser/FD20_10000/predict_epsilon_200_2000000.0/dropout_0.25/FindDot-v0/100
diffuser/FD20_10000/predict_epsilon_200_2000000.0/dropout_0.25/FindDot-v0/100
diffuser/FD20_10000/predict_epsilon_200_2000000.0/dropout_0.25/FindDot-v0/100
diffuser/FD20_10000/predict_epsilon_200_2000000.0/dropout_0.25/FindDot-v0/100
diffuser/FD20_10000/predict_epsilon_200_2000000.0/dropout_0.25/FindDot-v0/100
diffuser/FD20_10000/predict_epsilon_200_2000000.0/dropout_0.25/FindDot-v0/100
diffuser/FD20_10000/predict_epsilon_200_2000000.0/dropout_0.25/FindDot-v0/100
diffuser/FD20_10000/predict_epsilon_200_2000000.0/dropout_0.25/FindDot-v0/100
diffuser/FD20_10000/predict_epsilon_200_2000000.0/dropout_0.25/FindDot-v0/100
diffuser/FD20_10000/predict_epsilon_200_2000000.0/dropout_0.25/FindDot-v0/100
diffuser/FD20_10000/predict_epsilon_200_2000000.0/dropout_0.25/FindDot-v0/100
diffuser/FD20_10000/predict_epsilon_200_2000000.0/dropout_0.25/FindDot-v0/100
diffuser/FD20_10000/predict_epsilon_200_2000000.0/dropout_0.25/FindDot-v0/100
diffuser/FD20_10000/predict_epsilon_200_2000000.0/dropout_0.25/FindDot-v0/100
diffuser/FD20_10000/predict_epsilon_200_2000000.0/dropout_0.25/FindDot-v0/100
diffuser/FD20_10000/predict_epsilon_200_2000000.0/dropout_0.25/FindDot-v0/100
diffuser/FD20_10000/predict_epsilon_200_2000000.0/dropout_0.25/FindDot-v0/100
diffuser/FD20_10000/predict_epsilon_200_2000000.0/dropout_0.25/FindDot-v0/100
diffuser/FD20_10000/predict_epsilon_200_2000000.0/dropout_0.25/FindDot-v0/100
diffuser/FD20_10000/predict_epsilon_200_2000000.0/dropout_0.25/FindDot-v0/100
diffuser/FD20_10000/predict_epsilon_200_2000000.0/dropout_0.25/FindDot-v0/100
diffuser/FD20_10000/predict_epsilon_200_2000000.0/dropout_0.25/FindDot-v0/100
diffuser/FD20_10000/predict_epsilon_200_2000000.0/dropout_0.25/FindDot-v0/100
diffuser/FD20_10000/predict_epsilon_200_2000000.0/dropout_0.25/FindDot-v0/100
diffuser/FD20_10000/predict_epsilon_200_2000000.0/dropout_0.25/FindDot-v0/100
diffuser/FD20_10000/predict_epsilon_200_2000000.0/dropout_0.25/FindDot-v0/100
diffuser/FD20_10000/predict_epsilon_200_2000000.0/dropout_0.25/FindDot-v0/100
diffuser/FD20_10000/predict_epsilon_200_2000000.0/dropout_0.25/FindDot-v0/100
diffuser/FD20_10000/predict_epsilon_200_2000000.0/dropout_0.25/FindDot-v0/100
diffuser/FD20_10000/predict_epsilon_200_2000000.0/dropout_0.25/FindDot-v0/100
diffuser/FD20_10000/predict_epsilon_200_2000000.0/dropout_0.25/FindDot-v0/100
diffuser/FD20_10000/predict_epsilon_200_2000000.0/dropout_0.25/FindDot-v0/100
diffuser/FD20_10000/predict_epsilon_200_2000000.0/dropout_0.25/FindDot-v0/100
diffuser/FD20_10000/predict_epsilon_200_2000000.0/dropout_0.25/FindDot-v0/100
diffuser/FD20_10000/predict_epsilon_200_2000000.0/dropout_0.25/FindDot-v0/100
diffuser/FD20_10000/predict_epsilon_200_2000000.0/dropout_0.25/FindDot-v0/100
diffuser/FD20_10000/predict_epsilon_200_2000000.0/dropout_0.25/FindDot-v0/100
diffuser/FD20_10000/predict_epsilon_200_2000000.0/dropout_0.25/FindDot-v0/100
diffuser/FD20_10000/predict_epsilon_200_2000000.0/dropout_0.25/FindDot-v0/100
diffuser/FD20_10000/predict_epsilon_200_2000000.0/dropout_0.25/FindDot-v0/100
diffuser/FD20_10000/predict_epsilon_200_2000000.0/dropout_0.25/FindDot-v0/100
diffuser/FD20_10000/predict_epsilon_200_2000000.0/dropout_0.25/FindDot-v0/100
diffuser/FD20_10000/predict_epsilon_200_2000000.0/dropout_0.25/FindDot-v0/100
diffuser/FD20_10000/predict_epsilon_200_2000000.0/dropout_0.25/FindDot-v0/100
diffuser/FD20_10000/predict_epsilon_200_2000000.0/dropout_0.25/FindDot-v0/100
diffuser/FD20_10000/predict_epsilon_200_2000000.0/dropout_0.25/FindDot-v0/100
diffuser/FD20_10000/predict_epsilon_200_2000000.0/dropout_0.25/FindDot-v0/100
diffuser/FD20_10000/predict_epsilon_200_2000000.0/dropout_0.25/FindDot-v0/100
diffuser/FD20_10000/predict_epsilon_200_2000000.0/dropout_0.25/FindDot-v0/100
diffuser/FD20_10000/predict_epsilon_200_2000000.0/dropout_0.25/FindDot-v0/100
diffuser/FD20_10000/predict_epsilon_200_2000000.0/dropout_0.25/FindDot-v0/100
diffuser/FD20_10000/predict_epsilon_200_2000000.0/dropout_0.25/FindDot-v0/100
diffuser/FD20_10000/predict_epsilon_200_2000000.0/dropout_0.25/FindDot-v0/100
diffuser/FD20_10000/predict_epsilon_200_2000000.0/dropout_0.25/FindDot-v0/100
diffuser/FD20_10000/predict_epsilon_200_2000000.0/dropout_0.25/FindDot-v0/100
diffuser/FD20_10000/predict_epsilon_200_2000000.0/dropout_0.25/FindDot-v0/100
diffuser/FD20_10000/predict_epsilon_200_2000000.0/dropout_0.25/FindDot-v0/100
diffuser/FD20_10000/predict_epsilon_200_2000000.0/dropout_0.25/FindDot-v0/100
diffuser/FD20_10000/predict_epsilon_200_2000000.0/dropout_0.25/FindDot-v0/100
diffuser/FD20_10000/predict_epsilon_200_2000000.0/dropout_0.25/FindDot-v0/100
diffuser/FD20_10000/predict_epsilon_200_2000000.0/dropout_0.25/FindDot-v0/100
diffuser/FD20_10000/predict_epsilon_200_2000000.0/dropout_0.25/FindDot-v0/100
diffuser/FD20_10000/predict_epsilon_200_2000000.0/dropout_0.25/FindDot-v0/100
diffuser/FD20_10000/predict_epsilon_200_2000000.0/dropout_0.25/FindDot-v0/100
diffuser/FD20_10000/predict_epsilon_200_2000000.0/dropout_0.25/FindDot-v0/100
diffuser/FD20_10000/predict_epsilon_200_2000000.0/dropout_0.25/FindDot-v0/100
diffuser/FD20_10000/predict_epsilon_200_2000000.0/dropout_0.25/FindDot-v0/100
diffuser/FD20_10000/predict_epsilon_200_2000000.0/dropout_0.25/FindDot-v0/100
diffuser/FD20_10000/predict_epsilon_200_2000000.0/dropout_0.25/FindDot-v0/100
diffuser/FD20_10000/predict_epsilon_200_2000000.0/dropout_0.25/FindDot-v0/100
diffuser/FD20_10000/predict_epsilon_200_2000000.0/dropout_0.25/FindDot-v0/100
diffuser/FD20_10000/predict_epsilon_200_2000000.0/dropout_0.25/FindDot-v0/100
diffuser/FD20_10000/predict_epsilon_200_2000000.0/dropout_0.25/FindDot-v0/100
diffuser/FD20_10000/predict_epsilon_200_2000000.0/dropout_0.25/FindDot-v0/100
diffuser/FD20_10000/predict_epsilon_200_2000000.0/dropout_0.25/FindDot-v0/100
diffuser/FD20_10000/predict_epsilon_200_2000000.0/dropout_0.25/FindDot-v0/100
diffuser/FD20_10000/predict_epsilon_200_2000000.0/dropout_0.25/FindDot-v0/100
diffuser/FD20_10000/predict_epsilon_200_2000000.0/dropout_0.25/FindDot-v0/100
diffuser/FD20_10000/predict_epsilon_200_2000000.0/dropout_0.25/FindDot-v0/100
diffuser/FD20_10000/predict_epsilon_200_2000000.0/dropout_0.25/FindDot-v0/100
diffuser/FD20_10000/predict_epsilon_200_2000000.0/dropout_0.25/FindDot-v0/100
diffuser/FD20_10000/predict_epsilon_200_2000000.0/dropout_0.25/FindDot-v0/100
diffuser/FD20_10000/predict_epsilon_200_2000000.0/dropout_0.25/FindDot-v0/100
diffuser/FD20_10000/predict_epsilon_200_2000000.0/dropout_0.25/FindDot-v0/100
diffuser/FD20_10000/predict_epsilon_200_2000000.0/dropout_0.25/FindDot-v0/100
diffuser/FD20_10000/predict_epsilon_200_2000000.0/dropout_0.25/FindDot-v0/100
diffuser/FD20_10000/predict_epsilon_200_2000000.0/dropout_0.25/FindDot-v0/100
diffuser/FD20_10000/predict_epsilon_200_2000000.0/dropout_0.25/FindDot-v0/100
diffuser/FD20_10000/predict_epsilon_200_2000000.0/dropout_0.25/FindDot-v0/100
diffuser/FD20_10000/predict_epsilon_200_2000000.0/dropout_0.25/FindDot-v0/100
diffuser/FD20_10000/predict_epsilon_200_2000000.0/dropout_0.25/FindDot-v0/100
diffuser/FD20_10000/predict_epsilon_200_2000000.0/dropout_0.25/FindDot-v0/100
diffuser/FD20_10000/predict_epsilon_200_2000000.0/dropout_0.25/FindDot-v0/100
diffuser/FD20_10000/predict_epsilon_200_2000000.0/dropout_0.25/FindDot-v0/100
diffuser/FD20_10000/predict_epsilon_200_2000000.0/dropout_0.25/FindDot-v0/100
diffuser/FD20_10000/predict_epsilon_200_2000000.0/dropout_0.25/FindDot-v0/100
diffuser/FD20_10000/predict_epsilon_200_2000000.0/dropout_0.25/FindDot-v0/100
diffuser/FD20_10000/predict_epsilon_200_2000000.0/dropout_0.25/FindDot-v0/100
diffuser/FD20_10000/predict_epsilon_200_2000000.0/dropout_0.25/FindDot-v0/100
diffuser/FD20_10000/predict_epsilon_200_2000000.0/dropout_0.25/FindDot-v0/100
diffuser/FD20_10000/predict_epsilon_200_2000000.0/dropout_0.25/FindDot-v0/100
diffuser/FD20_10000/predict_epsilon_200_2000000.0/dropout_0.25/FindDot-v0/100
diffuser/FD20_10000/predict_epsilon_200_2000000.0/dropout_0.25/FindDot-v0/100
diffuser/FD20_10000/predict_epsilon_200_2000000.0/dropout_0.25/FindDot-v0/100
diffuser/FD20_10000/predict_epsilon_200_2000000.0/dropout_0.25/FindDot-v0/100
diffuser/FD20_10000/predict_epsilon_200_2000000.0/dropout_0.25/FindDot-v0/100
diffuser/FD20_10000/predict_epsilon_200_2000000.0/dropout_0.25/FindDot-v0/100
diffuser/FD20_10000/predict_epsilon_200_2000000.0/dropout_0.25/FindDot-v0/100
diffuser/FD20_10000/predict_epsilon_200_2000000.0/dropout_0.25/FindDot-v0/100
diffuser/FD20_10000/predict_epsilon_200_2000000.0/dropout_0.25/FindDot-v0/100
diffuser/FD20_10000/predict_epsilon_200_2000000.0/dropout_0.25/FindDot-v0/100
diffuser/FD20_10000/predict_epsilon_200_2000000.0/dropout_0.25/FindDot-v0/100
diffuser/FD20_10000/predict_epsilon_200_2000000.0/dropout_0.25/FindDot-v0/100
diffuser/FD20_10000/predict_epsilon_200_2000000.0/dropout_0.25/FindDot-v0/100
diffuser/FD20_10000/predict_epsilon_200_2000000.0/dropout_0.25/FindDot-v0/100
diffuser/FD20_10000/predict_epsilon_200_2000000.0/dropout_0.25/FindDot-v0/100
diffuser/FindDot50_30000_curved
diffuser/FindDot50_30000_curved
diffuser/FindDot50_30000_curved
diffuser/FindDot50_30000_curved
diffuser/FindDot50_30000_curved
diffuser/FindDot50_30000_curved
diffuser/FindDot50_30000_curved
diffuser/FindDot50_30000_curved
diffuser/FindDot50_30000_curved
diffuser/FindDot50_30000_curved
diffuser/FindDot50_30000_curved
diffuser/FindDot50_30000_curved
diffuser/FindDot50_30000_curved
diffuser/FindDot50_30000_curved
diffuser/FindDot50_22000_small_inclination
diffuser/FindDot50_22000_small_inclination
diffuser/FindDot50_22000_small_inclination
diffuser/FindDot50_22000_small_inclination
diffuser/FindDot50_22000_small_inclination
diffuser/FindDot50_22000_small_inclination
diffuser/FindDot50_22000_small_inclination
diffuser/FindDot50_22000_small_inclination
diffuser/FindDot50_22000_small_inclination
diffuser/FindDot50_22000_small_inclination
diffuser/FindDot50_22000_small_inclination
diffuser/FindDot50_22000_small_inclination
diffuser/FindDot50_22000_small_inclination
diffuser/FindDot50_22000_small_inclination
diffuser/FindDot50_22000_small_inclination
diffuser/FindDot50_22000_small_inclination
diffuser/FindDot50_22000_small_inclination
diffuser/FindDot50_22000_reset_50
diffuser/FindDot50_22000_reset_50
diffuser/FindDot50_22000_reset_50
diffuser/FindDot50_22000_reset_50
diffuser/FindDot50_22000_reset_50
diffuser/FindDot50_22000_reset_50
diffuser/FindDot50_22000_reset_50
diffuser/FindDot50_22000_reset_50
diffuser/FindDot50_22000_reset_50
diffuser/FindDot50_22000_reset_50
diffuser/FindDot50_22000_reset_50
diffuser/FindDot50_22000_reset_50
diffuser/FindDot50_22000_reset_50
diffuser/FindDot50_22000_reset_50
diffuser/FindDot50_22000_reset_50
diffuser/FindDot50_22000_reset_50
diffuser/FindDot50_22000_reset_50
diffuser/FindDot50_22000_reset_50
diffuser/FindDot50_22000_reset_50
diffuser/FindDot50_22000_reset_50
diffuser/FindDot50_22000_reset_50
diffuser/FindDot50_22000_reset_50
diffuser/FindDot50_22000_reset_50
diffuser/push_multi_hidden256_H12/predict_epsilon_200_2000000.0/dropout_0.25/PandaPush-v3/100
diffuser/push_multi_hidden256_H12/predict_epsilon_200_2000000.0/dropout_0.25/PandaPush-v3/100
diffuser/push_multi_hidden256_H12/predict_epsilon_200_2000000.0/dropout_0.25/PandaPush-v3/100
diffuser/push_multi_hidden256_H12/predict_epsilon_200_2000000.0/dropout_0.25/PandaPush-v3/100
diffuser/push_multi_hidden256_H12/predict_epsilon_200_2000000.0/dropout_0.25/PandaPush-v3/100
diffuser/push_multi_hidden256_H12/predict_epsilon_200_2000000.0/dropout_0.25/PandaPush-v3/100
diffuser/push_multi_hidden256_H12/predict_epsilon_200_2000000.0/dropout_0.25/PandaPush-v3/100
diffuser/push_multi_hidden256_H12/predict_epsilon_200_2000000.0/dropout_0.25/PandaPush-v3/100
diffuser/push_multi_hidden256_H12/predict_epsilon_200_2000000.0/dropout_0.25/PandaPush-v3/100
diffuser/push_multi_hidden256_H12/predict_epsilon_200_2000000.0/dropout_0.25/PandaPush-v3/100
diffuser/push_multi_hidden256_H12/predict_epsilon_200_2000000.0/dropout_0.25/PandaPush-v3/100
diffuser/push_multi_hidden256_H12/predict_epsilon_200_2000000.0/dropout_0.25/PandaPush-v3/100
diffuser/push_multi_hidden256_H12/predict_epsilon_200_2000000.0/dropout_0.25/PandaPush-v3/100
diffuser/push_multi_hidden256_H12_2/predict_epsilon_200_2000000.0/dropout_0.25/PandaPush-v3/100
diffuser/push_multi_hidden256_H12/predict_epsilon_200_2000000.0/dropout_0.25/PandaPush-v3/100
diffuser/push_multi_hidden256_H12/predict_epsilon_200_2000000.0/dropout_0.25/PandaPush-v3/100
diffuser/push_multi_hidden256_H12/predict_epsilon_200_2000000.0/dropout_0.25/PandaPush-v3/100
diffuser/push_multi_hidden256_H12/predict_epsilon_200_2000000.0/dropout_0.25/PandaPush-v3/100
diffuser/push_multi_hidden256_H12/predict_epsilon_200_2000000.0/dropout_0.25/PandaPush-v3/100
diffuser/push_multi_hidden256_H12/predict_epsilon_200_2000000.0/dropout_0.25/PandaPush-v3/100
diffuser/push_multi_hidden256_H12/predict_epsilon_200_2000000.0/dropout_0.25/PandaPush-v3/100
diffuser/push_multi_hidden256_H12/predict_epsilon_200_2000000.0/dropout_0.25/PandaPush-v3/100
diffuser/push_multi_hidden256_H12/predict_epsilon_200_2000000.0/dropout_0.25/PandaPush-v3/100
diffuser/push_multi_hidden256_H12_2/predict_epsilon_200_2000000.0/dropout_0.25/PandaPush-v3/100
diffuser/push_multi_hidden256_H12_2/predict_epsilon_200_2000000.0/dropout_0.25/PandaPush-v3/100
diffuser/push_multi_hidden256_H12_2/predict_epsilon_200_2000000.0/dropout_0.25/PandaPush-v3/100
diffuser/push_multi_hidden256_H12_2/predict_epsilon_200_2000000.0/dropout_0.25/PandaPush-v3/100
diffuser/push_multi_hidden256_H12_2/predict_epsilon_200_2000000.0/dropout_0.25/PandaPush-v3/100
diffuser/push_multi_hidden256_H12_2/predict_epsilon_200_2000000.0/dropout_0.25/PandaPush-v3/100
diffuser/push_multi_hidden256_H12_2/predict_epsilon_200_2000000.0/dropout_0.25/PandaPush-v3/100
diffuser/push_multi_hidden256_H12_2/predict_epsilon_200_2000000.0/dropout_0.25/PandaPush-v3/100
diffuser/push_multi_hidden256_H12_2/predict_epsilon_200_2000000.0/dropout_0.25/PandaPush-v3/100
diffuser/test/predict_epsilon_200_2000000.0/dropout_0.25/PandaPush-v3/100
diffuser/push_multi_hidden256_H12_numepisodes/predict_epsilon_200_2000000.0/dropout_0.25/PandaPush-v3/100
diffuser/push_multi_hidden256_H12_numepisodes/predict_epsilon_200_2000000.0/dropout_0.25/PandaPush-v3/100
diffuser/push_multi_hidden256_H12_numepisodes/predict_epsilon_200_2000000.0/dropout_0.25/PandaPush-v3/100
diffuser/push_multi_hidden256_H12_numepisodes/predict_epsilon_200_2000000.0/dropout_0.25/PandaPush-v3/100
diffuser/push_multi_hidden256_H12_equal/predict_epsilon_200_2000000.0/dropout_0.25/PandaPush-v3/100
diffuser/push_multi_hidden256_H12_numepisodes/predict_epsilon_200_2000000.0/dropout_0.25/PandaPush-v3/100
diffuser/push_multi_hidden256_H12_numepisodes/predict_epsilon_200_2000000.0/dropout_0.25/PandaPush-v3/100
diffuser/push_multi_hidden256_H12_equal/predict_epsilon_200_2000000.0/dropout_0.25/PandaPush-v3/100
diffuser/push_multi_hidden256_H12_equal/predict_epsilon_200_2000000.0/dropout_0.25/PandaPush-v3/100
diffuser/push_multi_hidden256_H12_equal/predict_epsilon_200_2000000.0/dropout_0.25/PandaPush-v3/100
diffuser/push_multi_hidden256_H12_equal/predict_epsilon_200_2000000.0/dropout_0.25/PandaPush-v3/100
diffuser/push_multi_hidden256_H12_equal/predict_epsilon_200_2000000.0/dropout_0.25/PandaPush-v3/100
diffuser/push_multi_hidden256_H12_equal/predict_epsilon_200_2000000.0/dropout_0.25/PandaPush-v3/100
diffuser/push_multi_hidden256_H12_equal/predict_epsilon_200_2000000.0/dropout_0.25/PandaPush-v3/100
diffuser/push_multi_hidden256_H12_equal/predict_epsilon_200_2000000.0/dropout_0.25/PandaPush-v3/100
diffuser/push_multi_hidden256_H12_equal/predict_epsilon_200_2000000.0/dropout_0.25/PandaPush-v3/100
diffuser/push_multi_hidden256_H12_equal/predict_epsilon_200_2000000.0/dropout_0.25/PandaPush-v3/100
diffuser/push_multi_hidden256_H12_equal/predict_epsilon_200_2000000.0/dropout_0.25/PandaPush-v3/100
diffuser/push_multi_hidden256_H12_equal/predict_epsilon_200_2000000.0/dropout_0.25/PandaPush-v3/100
diffuser/push_multi_hidden256_H12_equal/predict_epsilon_200_2000000.0/dropout_0.25/PandaPush-v3/100
diffuser/push_multi_hidden256_H12_equal/predict_epsilon_200_2000000.0/dropout_0.25/PandaPush-v3/100
diffuser/push_multi_hidden256_H12_equal/predict_epsilon_200_2000000.0/dropout_0.25/PandaPush-v3/100
diffuser/push_multi_hidden256_H12_numepisodes/predict_epsilon_200_2000000.0/dropout_0.25/PandaPush-v3/100
diffuser/push_multi_hidden256_H12_numepisodes/predict_epsilon_200_2000000.0/dropout_0.25/PandaPush-v3/100
diffuser/push_multi_hidden256_H12_numepisodes/predict_epsilon_200_2000000.0/dropout_0.25/PandaPush-v3/100
diffuser/push_multi_hidden256_H12_numepisodes/predict_epsilon_200_2000000.0/dropout_0.25/PandaPush-v3/100
diffuser/push_multi_hidden256_H12_numepisodes/predict_epsilon_200_2000000.0/dropout_0.25/PandaPush-v3/100
diffuser/push_multi_hidden256_H12_numepisodes/predict_epsilon_200_2000000.0/dropout_0.25/PandaPush-v3/100
diffuser/push_multi_hidden256_H12_numepisodes/predict_epsilon_200_2000000.0/dropout_0.25/PandaPush-v3/100
diffuser/push_multi_hidden256_H12_numepisodes/predict_epsilon_200_2000000.0/dropout_0.25/PandaPush-v3/100
diffuser/push_multi_hidden256_H12_numepisodes/predict_epsilon_200_2000000.0/dropout_0.25/PandaPush-v3/100
diffuser/push_multi_hidden256_H12_numepisodes/predict_epsilon_200_2000000.0/dropout_0.25/PandaPush-v3/100
diffuser/push_multi_hidden256_H12_numepisodes/predict_epsilon_200_2000000.0/dropout_0.25/PandaPush-v3/100
diffuser/push_multi_hidden256_H12_numepisodes/predict_epsilon_200_2000000.0/dropout_0.25/PandaPush-v3/100
diffuser/push_multi_hidden256_H12_numepisodes/predict_epsilon_200_2000000.0/dropout_0.25/PandaPush-v3/100
diffuser/push_multi_hidden256_H12_numepisodes/predict_epsilon_200_2000000.0/dropout_0.25/PandaPush-v3/100
diffuser/push_multi_hidden256_H12_numepisodes/predict_epsilon_200_2000000.0/dropout_0.25/PandaPush-v3/100
diffuser/push_multi_hidden256_H12_numepisodes/predict_epsilon_200_2000000.0/dropout_0.25/PandaPush-v3/100
diffuser/push_multi_hidden256_H12_numepisodes/predict_epsilon_200_2000000.0/dropout_0.25/PandaPush-v3/100
diffuser/push_multi_hidden256_H12_numepisodes/predict_epsilon_200_2000000.0/dropout_0.25/PandaPush-v3/100
diffuser/push_multi_hidden256_H12_numepisodes/predict_epsilon_200_2000000.0/dropout_0.25/PandaPush-v3/100
diffuser/push_multi_hidden256_H12_numepisodes/predict_epsilon_200_2000000.0/dropout_0.25/PandaPush-v3/100
diffuser/push_multi_hidden256_H12_numepisodes/predict_epsilon_200_2000000.0/dropout_0.25/PandaPush-v3/100
diffuser/push_multi_hidden256_H12_numepisodes/predict_epsilon_200_2000000.0/dropout_0.25/PandaPush-v3/100
diffuser/push_multi_hidden256_H12_numepisodes/predict_epsilon_200_2000000.0/dropout_0.25/PandaPush-v3/100
diffuser/push_multi_hidden256_H12_numepisodes/predict_epsilon_200_2000000.0/dropout_0.25/PandaPush-v3/100
diffuser/push_multi_hidden256_H12_numepisodes/predict_epsilon_200_2000000.0/dropout_0.25/PandaPush-v3/100
diffuser/push_multi_hidden256_H12_numepisodes/predict_epsilon_200_2000000.0/dropout_0.25/PandaPush-v3/100
diffuser/push_multi_hidden256_H12_numepisodes/predict_epsilon_200_2000000.0/dropout_0.25/PandaPush-v3/100
diffuser/push_multi_hidden256_H12_numepisodes/predict_epsilon_200_2000000.0/dropout_0.25/PandaPush-v3/100
diffuser/push_multi_hidden256_H12_numepisodes/predict_epsilon_200_2000000.0/dropout_0.25/PandaPush-v3/100
diffuser/push_multi_hidden256_H12_numepisodes/predict_epsilon_200_2000000.0/dropout_0.25/PandaPush-v3/100
diffuser/push_multi_hidden256_H12_numepisodes/predict_epsilon_200_2000000.0/dropout_0.25/PandaPush-v3/100
diffuser/push_multi_hidden256_H12_numepisodes/predict_epsilon_200_2000000.0/dropout_0.25/PandaPush-v3/100
diffuser/push_multi_hidden256_H12_numepisodes/predict_epsilon_200_2000000.0/dropout_0.25/PandaPush-v3/100
diffuser/push_multi_hidden256_H12_numepisodes/predict_epsilon_200_2000000.0/dropout_0.25/PandaPush-v3/100
diffuser/push_multi_hidden256_H12_numepisodes/predict_epsilon_200_2000000.0/dropout_0.25/PandaPush-v3/100
diffuser/push_multi_hidden256_H12_numepisodes/predict_epsilon_200_2000000.0/dropout_0.25/PandaPush-v3/100
diffuser/push_multi_hidden256_H12_numepisodes/predict_epsilon_200_2000000.0/dropout_0.25/PandaPush-v3/100
diffuser/push_multi_hidden256_H12_numepisodes/predict_epsilon_200_2000000.0/dropout_0.25/PandaPush-v3/100
diffuser/push_multi_hidden256_H12_numepisodes/predict_epsilon_200_2000000.0/dropout_0.25/PandaPush-v3/100
diffuser/push_multi_hidden256_H12_numepisodes/predict_epsilon_200_2000000.0/dropout_0.25/PandaPush-v3/100
diffuser/push_multi_hidden256_H12_numepisodes/predict_epsilon_200_2000000.0/dropout_0.25/PandaPush-v3/100
diffuser/push_multi_hidden256_H12_numepisodes/predict_epsilon_200_2000000.0/dropout_0.25/PandaPush-v3/100
diffuser/push_multi_hidden256_H12_numepisodes/predict_epsilon_200_2000000.0/dropout_0.25/PandaPush-v3/100
diffuser/push_multi_hidden256_H12_numepisodes/predict_epsilon_200_2000000.0/dropout_0.25/PandaPush-v3/100
diffuser/push_multi_hidden256_H12_numepisodes/predict_epsilon_200_2000000.0/dropout_0.25/PandaPush-v3/100
diffuser/push_multi_hidden256_H12_numepisodes/predict_epsilon_200_2000000.0/dropout_0.25/PandaPush-v3/100
diffuser/push_multi_hidden256_H12_numepisodes/predict_epsilon_200_2000000.0/dropout_0.25/PandaPush-v3/100
diffuser/push_multi_hidden256_H12_numepisodes/predict_epsilon_200_2000000.0/dropout_0.25/PandaPush-v3/100
diffuser/push_multi_hidden256_H12_numepisodes/predict_epsilon_200_2000000.0/dropout_0.25/PandaPush-v3/100
diffuser/push_multi_hidden256_H12_numepisodes/predict_epsilon_200_2000000.0/dropout_0.25/PandaPush-v3/100
diffuser/push_multi_hidden256_H12_numepisodes/predict_epsilon_200_2000000.0/dropout_0.25/PandaPush-v3/100
diffuser/push_multi_hidden256_H12_numepisodes/predict_epsilon_200_2000000.0/dropout_0.25/PandaPush-v3/100
diffuser/push_multi_hidden256_H12_numepisodes/predict_epsilon_200_2000000.0/dropout_0.25/PandaPush-v3/100
diffuser/push_multi_hidden256_H12_numepisodes/predict_epsilon_200_2000000.0/dropout_0.25/PandaPush-v3/100
diffuser/push_multi_hidden256_H12_numepisodes/predict_epsilon_200_2000000.0/dropout_0.25/PandaPush-v3/100
diffuser/push_multi_hidden256_H12_numepisodes/predict_epsilon_200_2000000.0/dropout_0.25/PandaPush-v3/100
diffuser/push_multi_hidden256_H12_numepisodes/predict_epsilon_200_2000000.0/dropout_0.25/PandaPush-v3/100
diffuser/push_multi_hidden256_H12_numepisodes/predict_epsilon_200_2000000.0/dropout_0.25/PandaPush-v3/100
diffuser/push_multi_hidden256_H12_numepisodes/predict_epsilon_200_2000000.0/dropout_0.25/PandaPush-v3/100
diffuser/push_multi_hidden256_H12_numepisodes/predict_epsilon_200_2000000.0/dropout_0.25/PandaPush-v3/100
diffuser/push_multi_hidden256_H12_numepisodes/predict_epsilon_200_2000000.0/dropout_0.25/PandaPush-v3/100
diffuser/push_multi_hidden256_H12_numepisodes/predict_epsilon_200_2000000.0/dropout_0.25/PandaPush-v3/100
diffuser/push_multi_hidden256_H12_numepisodes/predict_epsilon_200_2000000.0/dropout_0.25/PandaPush-v3/100
diffuser/push_multi_hidden256_H12_numepisodes/predict_epsilon_200_2000000.0/dropout_0.25/PandaPush-v3/100
diffuser/push_multi_hidden256_H12_numepisodes/predict_epsilon_200_2000000.0/dropout_0.25/PandaPush-v3/100
diffuser/push_multi_hidden256_H12_numepisodes/predict_epsilon_200_2000000.0/dropout_0.25/PandaPush-v3/100
diffuser/push_multi_hidden256_H12_numepisodes/predict_epsilon_200_2000000.0/dropout_0.25/PandaPush-v3/100
diffuser/push_multi_hidden256_H12_equal/predict_epsilon_200_2000000.0/dropout_0.25/PandaPush-v3/100
diffuser/test/predict_epsilon_200_2000000.0/dropout_0.25/PandaPush-v3/100
diffuser/test/predict_epsilon_200_2000000.0/dropout_0.25/PandaPush-v3/100
diffuser/test/predict_epsilon_200_2000000.0/dropout_0.25/PandaPush-v3/100
diffuser/test/predict_epsilon_200_2000000.0/dropout_0.25/PandaPush-v3/100
diffuser/test/predict_epsilon_200_2000000.0/dropout_0.25/PandaPush-v3/100
diffuser/test/predict_epsilon_200_2000000.0/dropout_0.25/PandaPush-v3/100
diffuser/test/predict_epsilon_200_2000000.0/dropout_0.25/PandaPush-v3/100
diffuser/test/predict_epsilon_200_2000000.0/dropout_0.25/PandaPush-v3/100
diffuser/discount_95/predict_epsilon_200_2000000.0/dropout_0.25/PandaPush-v3/100
diffuser/discount_95/predict_epsilon_200_2000000.0/dropout_0.25/PandaPush-v3/100
diffuser/discount_95/predict_epsilon_200_2000000.0/dropout_0.25/PandaPush-v3/100
diffuser/equal/predict_epsilon_200_2000000.0/dropout_0.25/PandaPush-v3/100
diffuser/test_env/predict_epsilon_200_2000000.0/dropout_0.25/PandaPush-v3/100
diffuser/test_env/predict_epsilon_200_2000000.0/dropout_0.25/PandaPush-v3/100
diffuser/test_env/predict_epsilon_200_2000000.0/dropout_0.25/PandaPush-v3/100
diffuser/test_env/predict_epsilon_200_2000000.0/dropout_0.25/PandaPush-v3/100
diffuser/test_env/predict_epsilon_200_2000000.0/dropout_0.25/PandaPush-v3/100
diffuser/test_env/predict_epsilon_200_2000000.0/dropout_0.25/PandaPush-v3/100
diffuser/test_env/predict_epsilon_200_2000000.0/dropout_0.25/PandaPush-v3/100
diffuser/test_env/predict_epsilon_200_2000000.0/dropout_0.25/PandaPush-v3/100
diffuser/test_env/predict_epsilon_200_2000000.0/dropout_0.25/PandaPush-v3/100
diffuser/test_env/predict_epsilon_200_2000000.0/dropout_0.25/PandaPush-v3/100
diffuser/test_env/predict_epsilon_200_2000000.0/dropout_0.25/PandaPush-v3/100
diffuser/test_env/predict_epsilon_200_2000000.0/dropout_0.25/PandaPush-v3/100
diffuser/test_env/predict_epsilon_200_2000000.0/dropout_0.25/PandaPush-v3/100
diffuser/test_env/predict_epsilon_200_2000000.0/dropout_0.25/PandaPush-v3/100
diffuser/test_env/predict_epsilon_200_2000000.0/dropout_0.25/PandaPush-v3/100
diffuser/test_env/predict_epsilon_200_2000000.0/dropout_0.25/PandaPush-v3/100
diffuser/test_env/predict_epsilon_200_2000000.0/dropout_0.25/PandaPush-v3/100
diffuser/test_env/predict_epsilon_200_2000000.0/dropout_0.25/PandaPush-v3/100
diffuser/test_env/predict_epsilon_200_2000000.0/dropout_0.25/PandaPush-v3/100
diffuser/test_env/predict_epsilon_200_2000000.0/dropout_0.25/PandaPush-v3/100
diffuser/test_env/predict_epsilon_200_2000000.0/dropout_0.25/PandaPush-v3/100
diffuser/test_env/predict_epsilon_200_2000000.0/dropout_0.25/PandaPush-v3/100
diffuser/test_env/predict_epsilon_200_2000000.0/dropout_0.25/PandaPush-v3/100
diffuser/push_dense_10k_1seed/predict_epsilon_200_2000000.0/dropout_0.25/PandaPush-v3/100
diffuser/push_dense_10k_1seed/predict_epsilon_200_2000000.0/dropout_0.25/PandaPush-v3/100
diffuser/push_dense_10k_1seed/predict_epsilon_200_2000000.0/dropout_0.25/PandaPush-v3/100
diffuser/push_dense_10k_1seed/predict_epsilon_200_2000000.0/dropout_0.25/PandaPush-v3/100
diffuser/push_dense_100k_1seed/predict_epsilon_200_2000000.0/dropout_0.25/PandaPush-v3/100
diffuser/push_dense_36k_manyseeds/predict_epsilon_200_2000000.0/dropout_0.25/PandaPush-v3/100
diffuser/push_dense_36k_manyseeds/predict_epsilon_200_2000000.0/dropout_0.25/PandaPush-v3/100
diffuser/push_dense_100k_1seedBig/predict_epsilon_200_2000000.0/dropout_0.25/PandaPush-v3/100
diffuser/push_dense_100k_1seedBig/predict_epsilon_200_2000000.0/dropout_0.25/PandaPush-v3/100
diffuser/push_dense_100k_1seedBig/predict_epsilon_200_2000000.0/dropout_0.25/PandaPush-v3/100
diffuser/push_dense_100k_1seedBig/predict_epsilon_200_2000000.0/dropout_0.25/PandaPush-v3/100
diffuser/push_dense_100k_1seedBig/predict_epsilon_200_2000000.0/dropout_0.25/PandaPush-v3/100
diffuser/push_dense_100k_1seedBig/predict_epsilon_200_2000000.0/dropout_0.25/PandaPush-v3/100
diffuser/push_dense_100k_1seedBig/predict_epsilon_200_2000000.0/dropout_0.25/PandaPush-v3/100
diffuser/push_dense_100k_1seedBig/predict_epsilon_200_2000000.0/dropout_0.25/PandaPush-v3/100
diffuser/push_dense_100k_1seedBig/predict_epsilon_200_2000000.0/dropout_0.25/PandaPush-v3/100
diffuser/push_dense_100k_1seedBig/predict_epsilon_200_2000000.0/dropout_0.25/PandaPush-v3/100
diffuser/push_dense_100k_1seedBig/predict_epsilon_200_2000000.0/dropout_0.25/PandaPush-v3/100
diffuser/push_dense_100k_1seedBig/predict_epsilon_200_2000000.0/dropout_0.25/PandaPush-v3/100
diffuser/push_dense_100k_1seedBig/predict_epsilon_200_2000000.0/dropout_0.25/PandaPush-v3/100
diffuser/push_dense_100k_1seedBig/predict_epsilon_200_2000000.0/dropout_0.25/PandaPush-v3/100
diffuser/push_dense_100k_1seedBig/predict_epsilon_200_2000000.0/dropout_0.25/PandaPush-v3/100
diffuser/push_dense_100k_1seedBig/predict_epsilon_200_2000000.0/dropout_0.25/PandaPush-v3/100
diffuser/test/predict_epsilon_200_2000000.0/dropout_0.25/PandaPush-v3/100
diffuser/push_dense_100k_1seedBigger/predict_epsilon_200_2000000.0/dropout_0.25/PandaPush-v3/100
diffuser/push_dense_100k_1seedBigger/predict_epsilon_200_2000000.0/dropout_0.25/PandaPush-v3/100
diffuser/push_dense_100k_1seedBigger/predict_epsilon_200_2000000.0/dropout_0.25/PandaPush-v3/100
diffuser/push_dense_100k_1seedBigger/predict_epsilon_200_2000000.0/dropout_0.25/PandaPush-v3/100
diffuser/push_dense_100k_1seedBigger/predict_epsilon_200_2000000.0/dropout_0.25/PandaPush-v3/100
diffuser/push_dense_100k_1seedBigger/predict_epsilon_200_2000000.0/dropout_0.25/PandaPush-v3/100
diffuser/push_dense_100k_1seedBigger/predict_epsilon_200_2000000.0/dropout_0.25/PandaPush-v3/100
diffuser/push_dense_100k_1seedAttention/predict_epsilon_200_2000000.0/dropout_0.25/PandaPush-v3/100
diffuser/push_dense_100k_1seedAttention/predict_epsilon_200_2000000.0/dropout_0.25/PandaPush-v3/100
diffuser/push_dense_100k_1seedAttention/predict_epsilon_200_2000000.0/dropout_0.25/PandaPush-v3/100
diffuser/push_dense_100k_1seedAttention/predict_epsilon_200_2000000.0/dropout_0.25/PandaPush-v3/100
diffuser/push_dense_100k_1seedAttention/predict_epsilon_200_2000000.0/dropout_0.25/PandaPush-v3/100
diffuser/push_dense_100k_1seedAttention/predict_epsilon_200_2000000.0/dropout_0.25/PandaPush-v3/100
diffuser/push_dense_10k_1seed/predict_epsilon_200_2000000.0/dropout_0.25/PandaPush-v3/100
diffuser/push_dense_10k_1seed/predict_epsilon_200_2000000.0/dropout_0.25/PandaPush-v3/100
diffuser/push_dense_36k_manyseeds/predict_epsilon_200_2000000.0/dropout_0.25/PandaPush-v3/100
diffuser/push_dense_36k_manyseeds/predict_epsilon_200_2000000.0/dropout_0.25/PandaPush-v3/100
diffuser/push_dense_10k_1seed/predict_epsilon_200_2000000.0/dropout_0.25/PandaPush-v3/100
diffuser/push_dense_10k_1seed/predict_epsilon_200_2000000.0/dropout_0.25/PandaPush-v3/100
diffuser/push_dense_10k_1seed/predict_epsilon_200_2000000.0/dropout_0.25/PandaPush-v3/100
diffuser/push_dense_36k_manyseeds/predict_epsilon_200_2000000.0/dropout_0.25/PandaPush-v3/100
diffuser/push_dense_100k_1seed/predict_epsilon_200_2000000.0/dropout_0.25/PandaPush-v3/100
diffuser/test/predict_epsilon_200_2000000.0/dropout_0.25/PandaPush-v3/100
diffuser/test/predict_epsilon_200_2000000.0/dropout_0.25/PandaPush-v3/100
diffuser/test/predict_epsilon_200_2000000.0/dropout_0.25/PandaPush-v3/100
diffuser/test/predict_epsilon_200_2000000.0/dropout_0.25/PandaPush-v3/100
diffuser/push_dense_100k_1seed/predict_epsilon_200_2000000.0/dropout_0.25/PandaPush-v3/100
diffuser/push_dense_100k_1seed/predict_epsilon_200_2000000.0/dropout_0.25/PandaPush-v3/100
diffuser/push_dense_gc/predict_epsilon_200_2000000.0/dropout_0.25/PandaPush-v3/100
diffuser/push_dense_gc/predict_epsilon_200_2000000.0/dropout_0.25/PandaPush-v3/100
diffuser/push_dense_gc/predict_epsilon_200_2000000.0/dropout_0.25/PandaPush-v3/100
diffuser/push_dense_gc/predict_epsilon_200_2000000.0/dropout_0.25/PandaPush-v3/100
diffuser/push_dense_gc/predict_epsilon_200_2000000.0/dropout_0.25/PandaPush-v3/100
diffuser/push_dense_gc/predict_epsilon_200_2000000.0/dropout_0.25/PandaPush-v3/100
diffuser/push_dense_gc/predict_epsilon_200_2000000.0/dropout_0.25/PandaPush-v3/100
diffuser/push_dense_gc/predict_epsilon_200_2000000.0/dropout_0.25/PandaPush-v3/100
diffuser/push_dense_gc/predict_epsilon_200_2000000.0/dropout_0.25/PandaPush-v3/100
diffuser/push_dense_gc/predict_epsilon_200_2000000.0/dropout_0.25/PandaPush-v3/100
diffuser/default_inv/predict_epsilon_200_1000000.0/dropout_0.25/kitchen-complete-v0/100
diffuser/default_inv/predict_epsilon_200_1000000.0/dropout_0.25/kitchen-complete-v0/100
diffuser/default_inv/predict_epsilon_200_1000000.0/dropout_0.25/kitchen-complete-v0/100
diffuser/default_inv/predict_epsilon_200_1000000.0/dropout_0.25/kitchen-complete-v0/100
diffuser/default_inv/predict_epsilon_200_1000000.0/dropout_0.25/kitchen-complete-v0/100
diffuser/default_inv/predict_epsilon_200_1000000.0/dropout_0.25/kitchen-complete-v0/100
diffuser/default_inv/predict_epsilon_200_1000000.0/dropout_0.25/kitchen-complete-v0/100
diffuser/default_inv/predict_epsilon_200_1000000.0/dropout_0.25/kitchen-complete-v0/100
diffuser/default_inv/predict_epsilon_200_1000000.0/dropout_0.25/kitchen-complete-v0/100
diffuser/default_inv/predict_epsilon_200_1000000.0/dropout_0.25/kitchen-complete-v0/100
diffuser/default_inv/predict_epsilon_200_1000000.0/dropout_0.25/kitchen-complete-v0/100
diffuser/default_inv/predict_epsilon_200_1000000.0/dropout_0.25/kitchen-complete-v0/100
diffuser/default_inv/predict_epsilon_200_1000000.0/dropout_0.25/kitchen-complete-v0/100
diffuser/default_inv/predict_epsilon_200_1000000.0/dropout_0.25/kitchen-complete-v0/100
diffuser/default_inv/predict_epsilon_200_1000000.0/dropout_0.25/kitchen-complete-v0/100
diffuser/default_inv/predict_epsilon_200_1000000.0/dropout_0.25/kitchen-complete-v0/100
diffuser/default_inv/predict_epsilon_200_1000000.0/dropout_0.25/kitchen-complete-v0/100
diffuser/default_inv/predict_epsilon_200_1000000.0/dropout_0.25/kitchen-complete-v0/100
diffuser/default_inv/predict_epsilon_200_1000000.0/dropout_0.25/kitchen-complete-v0/100
diffuser/default_inv/predict_epsilon_200_1000000.0/dropout_0.25/kitchen-complete-v0/100
diffuser/default_inv/predict_epsilon_200_1000000.0/dropout_0.25/kitchen-complete-v0/100
diffuser/FindDot50_140000
diffuser/FindDot50_140000
diffuser/FindDot50_140000
diffuser/FindDot50_140000
diffuser/FindDot50_140000
diffuser/FindDot50_140000
diffuser/FindDot50_140000
diffuser/FindDot50_140000
diffuser/FindDot50_140000
diffuser/FindDot50_144000
diffuser/FindDot50_144000
diffuser/FindDot50_144000
diffuser/FindDot50_144000
diffuser/FindDot50_144000
diffuser/FindDot50_144000
diffuser/FindDot50_144000
diffuser/FindDot50_144000
diffuser/FindDot50_144000
diffuser/FindDot50_144000
diffuser/FindDot50_144000
diffuser/FindDot50_144000
diffuser/FindDot50_144000
diffuser/FindDot50_144000_discount
diffuser/FindDot50_140000_discount
diffuser/test
diffuser/test
diffuser/test
diffuser/FindDot50_144000_discount
diffuser/FindDot50_144000_discount
diffuser/FindDot50_144000_discount
diffuser/FindDot50_144000_discount
diffuser/FindDot50_144000_discount
diffuser/FindDot50_144000_discount
diffuser/FindDot50_144000_discount
diffuser/FindDot50_144000_discount_H40
diffuser/FindDot50_144000_discount
diffuser/FindDot50_144000_discount_H40
diffuser/FindDot50_144000_discount_H40
diffuser/FindDot50_144000_discount_H40
diffuser/FindDot50_144000_discount_H40
diffuser/FindDot50_144000_discount_H40
diffuser/FindDot50_144000_discount_H40
diffuser/FindDot50_144000_discount
diffuser/FindDot50_144000_discount
diffuser/FindDot50_144000_discount
diffuser/FindDot50_140000_discount
diffuser/FindDot50_140000_discount
diffuser/FindDot50_140000_discount
diffuser/FindDot50_140000_discount
diffuser/FindDot50_18000_limited
diffuser/FindDot50_18000_limited
diffuser/s_lines
diffuser/s_lines
diffuser/FindDot50_18000_limited
diffuser/FindDot50_18000_limited
diffuser/FindDot50_18000_limited
diffuser/FindDot50_18000_limited
diffuser/FindDot50_18000_limited
diffuser/FindDot50_18000_limited
diffuser/FindDot50_18000_limited
diffuser/FindDot50_18000_limited
diffuser/FindDot50_18000_limited
diffuser/FindDot50_18000_limited
diffuser/FindDot50_18000_limited
diffuser/FindDot50_18000_limited
diffuser/FindDot50_18000_limited
diffuser/FindDot50_18000_limited
diffuser/FindDot50_18000_limited
diffuser/FindDot50_18000_limited
diffuser/FindDot50_18000_limited
diffuser/FindDot50_18000_limited
diffuser/FindDot50_18000_limited
diffuser/FindDot50_18000_limited
diffuser/FindDot50_18000_limited
diffuser/FindDot50_18000_limited
diffuser/FindDot50_18000_limited
diffuser/FindDot50_18000_limited
diffuser/FindDot50_18000_limited
diffuser/FindDot50_18000_limited
diffuser/FindDot50_18000_limited
diffuser/FindDot50_18000_limited
diffuser/FindDot50_18000_limited
diffuser/FindDot50_18000_limited
diffuser/FindDot50_18000_limited
diffuser/FindDot50_18000_limited
diffuser/FindDot50_18000_limited
diffuser/FindDot50_18000_limited
diffuser/s_lines
diffuser/s_lines
diffuser/s_lines
diffuser/s_lines
diffuser/s_lines
diffuser/s_lines
diffuser/s_lines
diffuser/s_lines
diffuser/s_lines
diffuser/s_lines
diffuser/s_lines
diffuser/s_lines
diffuser/s_lines
diffuser/s_lines
diffuser/s_lines
diffuser/s_lines
diffuser/s_lines
diffuser/s_lines
diffuser/s_lines
diffuser/s_lines
diffuser/s_lines
diffuser/s_lines
diffuser/s_lines
diffuser/s_lines
diffuser/s_lines_cond
diffuser/s_lines_cond
diffuser/s_lines_cond
diffuser/s_lines_cond
diffuser/s_lines_cond
diffuser/s_lines_cond
diffuser/s_lines_cond
diffuser/s_lines_cond
diffuser/s_lines_cond
diffuser/s_lines_cond
diffuser/s_lines_cond
diffuser/s_lines_cond
diffuser/s_lines_cond
diffuser/s_lines_cond
diffuser/s_lines_cond
diffuser/s_lines_cond
diffuser/s_lines_cond
diffuser/s_lines_cond
diffuser/s_lines_cond
diffuser/s_lines_cond
diffuser/s_lines_cond
diffuser/s_lines_cond
diffuser/s_lines_cond
diffuser/s_lines_cond
diffuser/s_lines_cond
diffuser/s_lines_cond
diffuser/s_lines_cond
diffuser/s_lines_cond
diffuser/s_lines_cond
diffuser/s_lines_cond
diffuser/s_lines_cond
diffuser/s_lines_cond
diffuser/s_lines_cond
diffuser/s_lines_cond
diffuser/s_lines_cond
diffuser/s_lines_cond
diffuser/s_lines_cond
diffuser/s_lines_cond
diffuser/s_lines_cond
diffuser/s_lines_cond
diffuser/s_lines_cond
diffuser/s_lines_cond
diffuser/s_lines_cond
diffuser/s_lines_cond
diffuser/s_lines_cond
diffuser/s_lines_cond
diffuser/s_lines_cond
diffuser/s_lines_cond
diffuser/s_lines_cond
diffuser/s_lines_cond
diffuser/s_lines_cond
diffuser/s_lines_cond
diffuser/s_lines_cond
diffuser/s_lines_cond
diffuser/s_lines_cond
diffuser/s_lines_cond
diffuser/s_lines_cond
diffuser/s_lines_cond
diffuser/s_lines_cond
diffuser/s_lines_cond
diffuser/s_lines_cond
diffuser/s_lines_cond
diffuser/s_lines_cond
diffuser/s_lines_cond
diffuser/s_lines_cond
diffuser/s_lines_cond
diffuser/s_lines_cond
diffuser/s_lines_cond
diffuser/s_lines_cond
diffuser/s_lines_cond
diffuser/s_lines_cond
diffuser/s_lines_cond
diffuser/s_lines_cond
diffuser/s_lines_cond
diffuser/s_lines_cond
diffuser/s_lines_cond
diffuser/s_lines_cond
diffuser/s_lines_cond
diffuser/s_lines_cond
diffuser/s_lines_cond
diffuser/s_lines_cond
diffuser/s_lines_cond
diffuser/s_lines_cond
diffuser/s_lines_cond
diffuser/s_lines_cond
diffuser/s_lines_cond
diffuser/s_lines_cond
diffuser/s_lines_cond
diffuser/s_lines_cond
diffuser/s_lines_cond
diffuser/FindDot50_1000_limited
diffuser/FindDot50_1000_limited
diffuser/FindDot50_1000_limited
diffuser/FindDot50_1000_limited
diffuser/FindDot50_1000_limited
diffuser/FindDot50_1000_full
diffuser/FindDot50_1000_full_xycond
diffuser/FindDot50_1000_limited
diffuser/FindDot50_1000_limited
diffuser/FindDot50_1000_limited
diffuser/FindDot50_1000_limited
diffuser/FindDot50_1000_limited
diffuser/FindDot50_1000_limited
diffuser/FindDot50_1000_limited
diffuser/FindDot50_1000_limited
diffuser/FindDot50_1000_limited
diffuser/FindDot50_1000_limited
diffuser/FindDot50_1000_limited
diffuser/FindDot50_1000_limited
diffuser/FindDot50_1000_full_xycond
diffuser/FindDot50_1000_full
diffuser/FindDot50_1000_full
diffuser/FindDot50_1000_full
diffuser/FindDot50_1000_full
diffuser/FindDot50_1000_full
diffuser/FindDot50_1000_full
diffuser/FindDot50_1000_full
diffuser/FindDot50_1000_full_xycond
diffuser/FindDot50_1000_full_xycond
diffuser/FindDot50_1000_full_xycond
diffuser/FindDot50_1000_full_xycond
diffuser/FindDot50_1000_full_xycond
diffuser/FindDot50_1000_full_xycond
diffuser/FindDot50_1000_full_xycond
diffuser/FindDot50_1000_full_xycond
diffuser/FindDot50_1000_full_xycond
diffuser/FindDot50_1000_full_xycond
diffuser/FindDot50_1000_full_xycond
diffuser/FindDot50_1000_full_xycond
diffuser/FindDot50_1000_full_xycond
diffuser/FindDot50_1000_full_xycond
diffuser/FindDot50_1000_full_xycond
diffuser/FindDot50_1000_full_xycond
diffuser/FindDot50_1000_full_xycond
diffuser/FindDot50_1000_full_xycond
diffuser/safe
diffuser/safe
diffuser/safe
diffuser/safe
diffuser/safe
diffuser/safe
diffuser/safe
diffuser/safe
diffuser/safe
diffuser/safe
diffuser/safe
diffuser/safe
diffuser/safe
diffuser/safe
diffuser/safe
diffuser/safe
diffuser/safe_ppo
diffuser/safe_ppo
diffuser/safe_cpo
diffuser/safe_omni_ppo
diffuser/safe_omni_ppo
diffuser/safe_omni_ppo
diffuser/safe_omni_ppo
diffuser/safe_omni_ppo
diffuser/safe_omni_ppo
diffuser/safe_omni_ppo
diffuser/safe_omni_ppo
diffuser/safe_omni_ppo
diffuser/safe_omni_ppo
diffuser/safe_omni_ppo
diffuser/safe_omni_ppo
diffuser/safe_omni_ppo
diffuser/safe_omni_ppo
diffuser/safe_omni_ppo
diffuser/safe_omni_ppo
diffuser/safe_omni_ppo
diffuser/safe_omni_ppo
diffuser/safe_omni_ppo
diffuser/safe_omni_ppo
diffuser/safe_omni_ppo
diffuser/safe_omni_ppo
diffuser/safe_omni_ppo
diffuser/safe_omni_ppo
diffuser/safe_omni_ppo
diffuser/safe_omni_ppo
diffuser/safe_omni_ppo
diffuser/safe_omni_ppo
diffuser/safe_omni_ppo
diffuser/safe_omni_ppo
diffuser/safe_omni_ppo
diffuser/safe_omni_ppo
diffuser/safe_omni_ppo
diffuser/safe_omni_ppo
diffuser/safe_omni_ppo
diffuser/safe_omni_ppo
diffuser/safe_omni_ppo
diffuser/safe_omni_ppo
diffuser/safe_omni_ppo
diffuser/safe_omni_ppo
diffuser/safe_omni_ppo
diffuser/safe_omni_ppo
diffuser/safe_omni_ppo
diffuser/safe_omni_ppo
diffuser/safe_omni_ppo
diffuser/safe_omni_ppo
diffuser/safe_omni_ppo
diffuser/safe_omni_ppo
diffuser/safe_omni_ppo2
diffuser/safe_omni_ppo3
diffuser/safe_omni_ppo3
diffuser/safe_omni_ppo
diffuser/safe_omni_ppo
diffuser/safe_omni_ppo
diffuser/safe_omni_ppo
diffuser/safe_omni_ppo
diffuser/safe_omni_ppo3
diffuser/safe_omni_ppo2
diffuser/safe_omni_ppo2
diffuser/safe_omni_ppo3
diffuser/safe_omni_ppo3
diffuser/safe_omni_ppo_4k_1
diffuser/safe_omni_ppo_4k_1
diffuser/safe_omni_ppo_4k_1
diffuser/safe_omni_ppo_4k_2
diffuser/safe_omni_ppo_4k_3
diffuser/safe_omni_ppo_4k_1
diffuser/safe_omni_ppo_4k_1
diffuser/safe_omni_ppo_noinv_1
diffuser/safe_omni_ppo_noinv_1
diffuser/safe_omni_ppo_noinv_1
diffuser/safe_omni_ppo_noinv_1
diffuser/safe_omni_ppo_noinv_1
diffuser/safe_omni_ppo_noinv_1
diffuser/safe_omni_ppo_noinv_1
diffuser/safe_omni_ppo_noinv_1
diffuser/safe_omni_ppo_noinv_1
diffuser/safe_omni_ppo_noinv_1
diffuser/safe_omni_ppo_noinv_2
diffuser/safe_omni_ppo_noinv_3
diffuser/safe_omni_ppo_4k_2
diffuser/safe_omni_ppo_4k_2
diffuser/safe_omni_ppo_4k_1
diffuser/safe_omni_ppo_4k_3
diffuser/safe_omni_ppo_4k_1
diffuser/safe_omni_ppo_4k_2
diffuser/safe_omni_ppo_4k_3
diffuser/safe_omni_ppo_4k_3
diffuser/safe_omni_ppo_4k_2
diffuser/safe_omni_ppo_4k_1
diffuser/safe_omni_ppo_noinv_1
diffuser/safe_omni_ppo_noinv_1
diffuser/safe_omni_ppo_noinv_1
diffuser/safe_omni_ppo_noinv_1
diffuser/safe_omni_ppo_4k_2_1
diffuser/safe_omni_ppo_100_static_1
diffuser/safe_omni_ppo_100_static_1
diffuser/safe_omni_ppo_5k_static_1
diffuser/safe_omni_ppo_100_static_1
diffuser/safe_omni_ppo_100_static_1
diffuser/safe_omni_ppo_100_static_1
diffuser/safe_omni_ppo_100_static_1
diffuser/safe_omni_ppo_100_static_1
diffuser/safe_omni_ppo_100_static_1
diffuser/safe_omni_ppo_100_static_1
diffuser/safe_omni_ppo_100_static_1
diffuser/safe_omni_ppo_100_static_1
diffuser/safe_omni_ppo_100_static_1
diffuser/safe_omni_ppo_100_static_1
diffuser/safe_omni_ppo_100_static_1
diffuser/safe_omni_ppo_100_static_1
diffuser/safe_omni_ppo_100_static_1
diffuser/safe_omni_ppo_100_static_1
diffuser/safe_omni_ppo_100_static_1
diffuser/safe_omni_ppo_100_static_1
diffuser/safe_omni_ppo_100_static_1
diffuser/safe_omni_ppo_100_static_1
diffuser/safe_omni_ppo_100_static_1
diffuser/safe_omni_ppo_100_static_1
diffuser/safe_omni_ppo_100_static_1
diffuser/safe_omni_ppo_100_static_1
diffuser/safe_omni_ppo_100_static_1
diffuser/safe_omni_ppo_100_static_1
diffuser/safe_omni_ppo_100_static_1
diffuser/safe_omni_ppo_100_static_1
diffuser/safe_omni_ppo_100_static_1
diffuser/safe_omni_ppo_100_static_1
diffuser/safe_omni_ppo_100_static_1
diffuser/safe_omni_ppo_100_static_1
diffuser/safe_omni_ppo_5k_static_1
diffuser/safe_omni_ppo_noinv_1
diffuser/safe_omni_ppo_noinv_4
diffuser/safe_omni_ppo_5k_static_1
diffuser/safe_omni_ppo_noinv_4
diffuser/safe_omni_ppo_noinv_4
diffuser/safe_omni_ppo_noinv_4
diffuser/safe_omni_ppo_noinv_4
diffuser/safe_omni_ppo_noinv_4
diffuser/safe_omni_ppo_noinv_4
diffuser/safe_omni_ppo_noinv_4
diffuser/safe_omni_ppo_noinv_4
diffuser/safe_omni_ppo_noinv_4
diffuser/safe_omni_ppo_noinv_4
diffuser/safe_omni_ppo_noinv_4
diffuser/safe_omni_ppo_noinv_4
diffuser/safe_omni_ppo_noinv_4
diffuser/safe_omni_ppo_noinv_5
diffuser/safe_omni_ppo_noinv_5
diffuser/safe_omni_ppo_noinv_5
diffuser/safe_omni_ppo_noinv_5
diffuser/safe_omni_ppo_noinv_5
diffuser/safe_omni_ppo_noinv_5
diffuser/safe_omni_ppo_noinv_5
diffuser/safe_omni_ppo_noinv_5
diffuser/safe_omni_ppo_noinv_5
diffuser/safe_omni_ppo_noinv_5
diffuser/safe_omni_ppo_noinv_4
diffuser/safe_omni_ppo_noinv_6
diffuser/safe_omni_ppo_noinv_4
diffuser/safe_omni_ppo_noinv_horizon_1
diffuser/safe_omni_ppo_noinv_horizon_2
diffuser/safe_omni_ppo_noinv_horizon_3
diffuser/safe_omni_ppo_noinv_horizon_1
diffuser/safe_omni_ppo_noinv_horizon_2
diffuser/safe_omni_ppo_noinv_horizon_3
diffuser/safe_omni_ppo_noinv_horizon_4
diffuser/safe_omni_ppo_noinv_horizon_4
diffuser/safe_omni_ppo_noinv_horizon_5
diffuser/safe_omni_ppo_noinv_horizon_6
diffuser/safe_omni_ppo_noinv_4
diffuser/safe_omni_ppo_noinv_4
diffuser/safe_omni_ppo_noinv_4
diffuser/safe_omni_ppo_noinv_4
diffuser/safe_omni_ppo_noinv_4
diffuser/safe_omni_ppo_noinv_4
diffuser/safe_omni_ppo_noinv_4
diffuser/safe_omni_ppo_noinv_4
diffuser/safe_omni_ppo_noinv_4
diffuser/safe_omni_ppo_noinv_4
diffuser/safe_omni_ppo_noinv_4
diffuser/safe_omni_ppo_noinv_4
diffuser/safe_omni_ppo_noinv_4
diffuser/safe_omni_ppo_noinv_4
diffuser/safe_omni_ppo_noinv_4
diffuser/safe_omni_ppo_noinv_4
diffuser/safe_omni_ppo_noinv_4
diffuser/safe_omni_ppo_noinv_4
diffuser/safe_omni_ppo_noinv_4
diffuser/safe_omni_ppo_noinv_4
diffuser/safe_omni_ppo_noinv_4
diffuser/safe_omni_ppo_noinv_4
diffuser/safe_omni_ppo_noinv_4
diffuser/safe_omni_ppo_noinv_4
diffuser/safe_omni_ppo_noinv_4
diffuser/safe_omni_ppo_noinv_4
diffuser/safe_omni_ppo_noinv_5
diffuser/safe_omni_ppo_noinv_6
diffuser/safe_omni_ppo_noinv_3
diffuser/safe_omni_ppo_noinv_horizon_1
diffuser/safe_omni_ppo_noinv_horizon_1_5k
diffuser/safe_omni_ppo_noinv_horizon_1_5k
diffuser/safe_omni_ppo_noinv_horizon_1_2k
diffuser/safe_omni_ppo_noinv_horizon_1_2k
diffuser/safe_omni_ppo_noinv_horizon_1_2k
diffuser/safe_omni_ppo_noinv_horizon_2_2k
diffuser/safe_omni_ppo_noinv_horizon_3_2k
diffuser/safe_omni_ppo_noinv_horizon_4_2k
diffuser/ppo_noinv_1_nodisc
diffuser/ppo_noinv_1_nodisc_multiple
diffuser/ppo_noinv_1_nodisc_multiple
diffuser/safe_omni_combine_basic_1
diffuser/safe_omni_combine_basic_1
diffuser/safe_omni_combine_basic_1
diffuser/safe_omni_combine_basic_1
diffuser/safe_omni_combine_basic_1
diffuser/safe_omni_combine_basic_1
diffuser/safe_omni_combine_reward_1
diffuser/safe_omni_combine_reward_1
diffuser/safe_omni_combine_reward_1
diffuser/safe_omni_combine_reward_1
diffuser/safe_omni_combine_reward_1
diffuser/safe_omni_combine_reward_1
diffuser/safe_omni_combine_reward_1
diffuser/safe_omni_combine_reward_1
diffuser/safe_omni_combine_reward_1
diffuser/safe_omni_combine_reward_1
diffuser/safe_omni_combine_reward_1
diffuser/safe_omni_combine_reward_1
diffuser/safe_omni_combine_reward_1
diffuser/safe_omni_combine_reward_1
diffuser/safe_omni_combine_reward_1
diffuser/safe_omni_combine_reward_1
diffuser/safe_omni_combine_reward_1
diffuser/safe_omni_combine_reward_1
diffuser/safe_omni_combine_reward_1
diffuser/safe_omni_combine_reward_1
diffuser/safe_omni_combine_reward_1
diffuser/safe_omni_combine_reward_1
diffuser/safe_omni_combine_reward_1
diffuser/safe_omni_combine_reward_1
diffuser/safe_omni_combine_reward_1
diffuser/safe_omni_combine_reward_1
diffuser/safe_omni_combine_reward_1
diffuser/safe_omni_combine_reward_1
diffuser/safe_omni_combine_reward_1
diffuser/safe_omni_combine_reward_1
diffuser/safe_omni_combine_reward_1
diffuser/safe_omni_combine_reward_1
diffuser/safe_omni_combine_reward_1
diffuser/safe_omni_combine_reward_1
diffuser/safe_omni_combine_basic_1
diffuser/safe_omni_combine_basic_1
diffuser/safe_omni_combine_basic_1
diffuser/safe_omni_combine_reward_1
diffuser/safe_omni_combine_reward_1
diffuser/safe_omni_combine_basic_1
diffuser/safe_omni_combine_basic_1
diffuser/safe_omni_combine_reward_1
diffuser/safe_omni_combine_basic_2
diffuser/safe_omni_combine_basic_3
diffuser/safe_omni_combine_reward_2
diffuser/safe_omni_combine_reward_3
diffuser/safe_omni_combine_reward_4
diffuser/safe_omni_combine_cost_1
diffuser/safe_omni_combine_reward_1
diffuser/safe_omni_combine_cost_1
diffuser/safe_omni_combine_cost_1
diffuser/safe_omni_combine_cost_1
diffuser/safe_omni_combine_cost_1
diffuser/safe_omni_combine_cost_1
diffuser/safe_omni_combine_cost_1
diffuser/safe_omni_combine_cost_1
diffuser/safe_omni_combine_cost_1
diffuser/safe_omni_combine_cost_1
diffuser/safe_omni_combine_cost_2
diffuser/safe_omni_combine_reward_cost_1
diffuser/safe_omni_combine_reward_cost_1
diffuser/safe_omni_combine_reward_cost_1
diffuser/safe_omni_combine_reward_cost_1
diffuser/safe_omni_combine_reward_cost_1
diffuser/safe_omni_combine_reward_2
diffuser/safe_omni_combine_reward_2
diffuser/safe_omni_combine_reward_2
diffuser/safe_omni_combine_reward_2
diffuser/safe_omni_combine_reward_2
diffuser/safe_omni_combine_reward_2
diffuser/safe_omni_combine_reward_2
diffuser/safe_omni_combine_reward_2
diffuser/safe_omni_combine_reward_1
diffuser/safe_omni_combine_reward_1
diffuser/safe_omni_combine_reward_1
diffuser/safe_omni_combine_cost_1
diffuser/safe_omni_combine_cost_2
diffuser/safe_omni_combine_basic_1
diffuser/safe_omni_combine_basic_3
diffuser/safe_omni_combine_basic_2
diffuser/safe_omni_combine_reward_3
diffuser/safe_omni_combine_reward_3
diffuser/safe_omni_combine_reward_4
diffuser/safe_omni_combine_reward_cost_1
diffuser/safe_omni_combine_reward_cost_1
diffuser/safe_omni_combine_reward_cost_1
diffuser/safe_omni_combine_reward_cost_1
diffuser/safe_omni_combine_reward_cost_1
diffuser/safe_omni_combine_reward_cost_2
diffuser/safe_omni_combine_reward_cost_3
diffuser/safe_omni_combine_reward_3
diffuser/safe_omni_combine_basic_1
diffuser/safe_omni_combine_basic_3
diffuser/safe_omni_combine_basic_2
diffuser/safe_omni_combine_reward_4
diffuser/safe_omni_combine_reward_3
diffuser/safe_omni_combine_reward_4
diffuser/safe_omni_combine_reward_4
diffuser/safe_omni_combine_basic_1
diffuser/safe_omni_combine_basic_3
diffuser/safe_omni_combine_basic_3
diffuser/safe_omni_combine_basic_3
diffuser/safe_omni_combine_reward_2_
diffuser/safe_omni_combine_reward_2_
diffuser/safe_omni_combine_reward_2_
diffuser/safe_omni_combine_reward_2_
diffuser/safe_omni_combine_reward_2_
diffuser/safe_omni_combine_reward_2_
diffuser/safe_omni_combine_reward_2
diffuser/safe_omni_combine_reward_2
diffuser/safe_omni_combine_reward_2
diffuser/safe_omni_combine_reward_2
diffuser/safe_omni_combine_reward_2
diffuser/safe_omni_combine_reward_5
diffuser/safe_omni_combine_reward_5
diffuser/safe_omni_combine_reward_2
diffuser/safe_omni_combine_reward_6
diffuser/safe_omni_combine_cost_3
diffuser/safe_omni_combine_cost_3
diffuser/safe_omni_combine_reward_cost_4
diffuser/safe_omni_combine_reward_2
diffuser/safe_omni_combine_reward_2
diffuser/safe_omni_combine_reward_2
diffuser/safe_omni_combine_reward_2
diffuser/safe_omni_combine_reward_2
diffuser/safe_omni_combine_reward_2
diffuser/safe_omni_combine_reward_2
diffuser/safe_omni_combine_reward_2
diffuser/safe_omni_combine_reward_2
diffuser/safe_omni_combine_reward_2
diffuser/safe_omni_combine_reward_2
diffuser/safe_omni_combine_reward_2
diffuser/safe_omni_combine_reward_2
diffuser/safe_omni_combine_basic_3
diffuser/safe_omni_combine_basic_3
diffuser/safe_omni_combine_basic_3
diffuser/safe_omni_combine_basic_3
diffuser/safe_omni_combine_basic_3
diffuser/safe_omni_combine_basic_3
diffuser/safe_omni_combine_basic_3
diffuser/safe_omni_combine_basic_3
diffuser/safe_omni_combine_basic_3
diffuser/safe_omni_combine_basic_3
diffuser/safe_omni_combine_basic_3
diffuser/safe_omni_combine_basic_3
diffuser/safe_omni_combine_basic_3
diffuser/safe_omni_combine_basic_3
diffuser/line_1
diffuser/line_1
diffuser/line_1
diffuser/line_1
diffuser/line_1
diffuser/line_1
diffuser/line_1
diffuser/line_1
diffuser/line_1
diffuser/line_1
diffuser/line_1
diffuser/line_1
diffuser/line_state_inv_1
diffuser/line_state_inv_1
diffuser/line_state_inv_1
diffuser/line_state_inv_1
diffuser/line_state_inv_1
diffuser/line_state_inv_1
diffuser/line_state_inv_1
diffuser/line_state_inv_1
diffuser/line_state_inv_1
diffuser/line_state_inv_1
diffuser/line_state_inv_1
diffuser/line_state_inv_1
diffuser/line_state_inv_1
diffuser/line_state_inv_1
diffuser/line_state_inv_1
diffuser/line_state_inv_1
diffuser/line_state_inv_1_unnormed
diffuser/line_state_inv_1_unnormed
diffuser/line_state_inv_1_unnormed
diffuser/line_state_inv_1_unnormed
diffuser/line_state_inv_1_unnormed
diffuser/line_state_inv_1_unnormed
diffuser/line_state_inv_1_unnormed
diffuser/line_state_inv_1_unnormed
diffuser/line_state_inv_1_unnormed
diffuser/line_state_inv_1_unnormed
diffuser/testo
diffuser/testo
diffuser/testo
diffuser/testo
diffuser/testo
diffuser/testo
diffuser/testo
diffuser/testo
diffuser/testo
diffuser/runs/testo
diffuser/runs/line_state_inv_1_traj
diffuser/runs/line_state_inv_1_traj
diffuser/runs/line_state_inv_1_traj
diffuser/runs/line_state_inv_1_traj
diffuser/runs/line_state_inv_1_traj
diffuser/safe_omni_combine_basic_3
diffuser/safe_omni_combine_basic_3
diffuser/safe_omni_combine_basic_3
diffuser/runs/SafeGrid_DD
diffuser/runs/SafeGrid_DD
diffuser/runs/SafeGrid_DD
diffuser/runs/SafeGrid_DD
diffuser/runs/SafeGrid_DD
diffuser/runs/SafeGrid_DD
diffuser/runs/SafeGrid_DD
diffuser/runs/SafeGrid_DD
diffuser/runs/SafeGrid_DD
diffuser/runs/SafeGrid_DD
diffuser/runs/SafeGrid_DD
diffuser/runs/SafeGrid_DD
diffuser/runs/SafeGrid_DD
diffuser/runs/SafeGrid_DD
diffuser/runs/SafeGrid_DD
diffuser/runs/SafeGrid_DD
diffuser/runs/SafeGrid_DD
diffuser/runs/SafeGrid_DD
diffuser/runs/SafeGrid_DD
diffuser/runs/SafeGrid_DD_0_noise
diffuser/runs/SafeGrid_DD_1_noise_H28
diffuser/runs/SafeGrid_DD_0_noise
diffuser/runs/SafeGrid_DD
diffuser/runs/SafeGrid_DD_1_noise_H28
diffuser/runs/SafeGrid_DD_0_noise
diffuser/runs/SafeGrid_DD_0_noise
diffuser/runs/SafeGrid_DD_0_noise
diffuser/runs/SafeGrid_DD
diffuser/runs/SafeGrid_DD_0_noise
diffuser/runs/SafeGrid_DD_1_noise_H28
diffuser/runs/SafeGrid_DD_0_noise
diffuser/runs/SafeGrid_DD_0_noise
diffuser/runs/SafeGrid_DD_no_Dy
diffuser/runs/SafeGrid_DD_no_Dy
diffuser/runs/SafeGrid_DD_no_Dy
diffuser/runs/SafeGrid_DD_no_Dy
diffuser/runs/SafeGrid_DD_no_Dy
diffuser/runs/test
diffuser/runs/test
diffuser/runs/test
diffuser/runs/test_small
diffuser/runs/test_small
diffuser/runs/test
diffuser/runs/test
diffuser/runs/test
diffuser/runs/test
diffuser/runs/test_small
diffuser/runs/test
diffuser/runs/test_small
diffuser/runs/test
diffuser/runs/test
diffuser/runs/test
diffuser/runs/test
diffuser/runs/test
diffuser/runs/test
diffuser/runs/test_small
diffuser/runs/test_small
diffuser/runs/test_small
diffuser/runs/test_diff_returns
diffuser/runs/test_diff_returns
diffuser/runs/test_diff_returns
diffuser/runs/test_diff_returns
diffuser/runs/test_diff_returns
diffuser/runs/test_diff_returns
diffuser/runs/test_diff_returns
diffuser/runs/test_diff_returns
diffuser/runs/test_diff_returns
diffuser/runs/test_diff_returns
diffuser/runs/test_diff_returns
diffuser/runs/test_diff_returns
diffuser/runs/test_diff_returns_limitNormal
diffuser/runs/test_diff_returns_limitNormal
diffuser/runs/test_diff_returns_limitNormal
diffuser/runs/test_diff_returns_limitNormal
diffuser/runs/test_diff_returns_limitNormal
diffuser/runs/test_diff_returns_limitNormal
diffuser/runs/test_diff_returns
diffuser/runs/test_diff_returns
diffuser/runs/test_diff_returns
diffuser/runs/test_diff_returns_limitNormal
diffuser/runs/test_diff_returns_limitNormal
diffuser/runs/SafeGrid_DD_0_noise
diffuser/runs/SafeGrid_DD_0_noise
diffuser/runs/SafeGrid_DD
diffuser/runs/test_small
diffuser/runs/test_diff_returns
diffuser/runs/SafeGrid_DD_1_noise_H28
diffuser/runs/SafeGrid_DD_1_noise_H28
diffuser/runs/test_small
diffuser/runs/test_small
diffuser/runs/test_small
diffuser/runs/test_small
diffuser/runs/test_small
diffuser/runs/SafeGrid_DD_0_noise
diffuser/runs/SafeGrid_DD_0_noise
diffuser/runs/test_diff_returns
diffuser/runs/test_diff_returns
diffuser/runs/test_diff_returns
diffuser/runs/test_diff_returns
diffuser/runs/test_diff_returns
diffuser/runs/test_diff_returns
diffuser/runs/test_diff_returns
diffuser/runs/test_diff_returns
diffuser/runs/test_diff_returns
diffuser/runs/test_diff_returns
diffuser/runs/test_diff_returns
diffuser/runs/SafeGrid_DD_0_noise
diffuser/runs/noise_1_10k
diffuser/runs/SafeGrid_DD
diffuser/runs/test_diff_returns
diffuser/runs/SafeGrid_DD_1_noise_H28
diffuser/runs/test_diff_returns
diffuser/runs/test_diff_returns
diffuser/runs/test_diff_returns
diffuser/runs/test_diff_returns
diffuser/runs/test_diff_returns
diffuser/runs/test_diff_returns
diffuser/runs/test_diff_returns
diffuser/runs/test_diff_returns
diffuser/runs/test_diff_returns
diffuser/runs/test_diff_returns
diffuser/runs/test_diff_returns
diffuser/runs/test_diff_returns
diffuser/runs/test_diff_returns
diffuser/runs/test_diff_returns
diffuser/runs/SafeGrid_DD_0_noise
diffuser/runs/SafeGrid_DD_0_noise
diffuser/runs/SafeGrid_DD_0_noise
diffuser/runs/test_diff_returns2
diffuser/runs/test_diff_returns2
diffuser/runs/test_diff_returns2
diffuser/runs/returns_H4
diffuser/runs/returns_H4
diffuser/runs/returns_H4
diffuser/runs/returns_H4
diffuser/runs/returns_H12
diffuser/runs/returns_H20
diffuser/runs/returns_H28
diffuser/runs/returns_dim32
diffuser/runs/returns_dim64
diffuser/runs/returns_dim128
diffuser/runs/returns_dim256
diffuser/runs/returns_dyn
diffuser/runs/returns_dyn
diffuser/runs/returns_dyn
diffuser/runs/returns_dyn
diffuser/runs/returns_dyn
diffuser/runs/returns_dyn
diffuser/runs/returns_dyn
diffuser/runs/returns_dyn
diffuser/runs/returns_dyn
diffuser/runs/returns_dyn
diffuser/runs/returns_dyn
diffuser/runs/returns_dyn
diffuser/runs/returns_dyn
diffuser/runs/returns_dyn
diffuser/runs/returns_dyn
diffuser/runs/returns_dyn
diffuser/runs/returns_dyn
diffuser/runs/returns_dyn
diffuser/runs/returns_dyn
diffuser/runs/returns_dyn
diffuser/runs/test
diffuser/runs/dyn_algo
diffuser/runs/dyn_algo
diffuser/runs/dyn_algo
diffuser/runs/dyn_algo
diffuser/runs/dyn_algo
diffuser/runs/dyn_algo
diffuser/runs/dyn_algo
diffuser/runs/dyn_algo
diffuser/runs/dyn_algo
diffuser/runs/dyn_algo
diffuser/runs/dyn_algo
diffuser/runs/dyn_algo
diffuser/runs/dyn_algo
diffuser/runs/dyn_algo
diffuser/runs/dyn_algo
diffuser/runs/dyn_algo
diffuser/runs/dyn_algo
diffuser/runs/dyn_algo
diffuser/runs/dyn_algo
diffuser/runs/dyn_algo
diffuser/runs/dyn_algo
diffuser/runs/dyn_algo
diffuser/runs/dyn_algo
diffuser/runs/dyn_algo
diffuser/runs/dyn_algo
diffuser/runs/dyn_algo
diffuser/runs/dyn_algo
diffuser/runs/dyn_algo
diffuser/runs/dyn_algo
diffuser/runs/dyn_algo
diffuser/runs/dyn_algo
diffuser/runs/dyn_algo
diffuser/runs/dyn_algo
diffuser/runs/dyn_algo
diffuser/runs/dyn_algo
diffuser/runs/dyn_algo
diffuser/runs/dyn_algo
diffuser/runs/dyn_algo
diffuser/runs/dyn_algo_all_normalized
diffuser/runs/dyn_algo_all_normalized_both
diffuser/runs/dyn_algo_all_normalized_both
diffuser/runs/dyn_algo_all_normalized_both
diffuser/runs/sample_loss_200_steps
diffuser/runs/sample_loss_200_steps
diffuser/runs/sample_loss_200_steps
diffuser/runs/sample_loss_200_steps
diffuser/runs/sample_loss_200_steps
diffuser/runs/sample_loss_200_steps
diffuser/runs/sample_loss_200_steps
diffuser/runs/sample_loss_200_steps
diffuser/runs/sample_loss_200_steps
diffuser/runs/sample_loss_200_steps
diffuser/runs/sample_loss_200_steps
diffuser/runs/sample_loss_200_steps
diffuser/runs/sample_loss_200_steps
diffuser/runs/sample_loss_200_steps
diffuser/runs/sample_loss_200_steps
diffuser/runs/sample_loss_200_steps
diffuser/runs/sample_loss_200_steps
diffuser/runs/sample_loss_200_steps
diffuser/runs/sample_loss_200_steps
diffuser/runs/sample_loss_200_steps
diffuser/runs/sample_loss_200_steps
diffuser/runs/sample_loss_200_steps
diffuser/runs/sample_loss_200_steps
diffuser/runs/sample_loss_200_steps
diffuser/runs/sample_loss_200_steps
diffuser/runs/sample_loss_200_steps
diffuser/runs/sample_loss_200_steps
diffuser/runs/sample_loss_200_steps
